RUN # 1
CURRENT MODEL STATE:
###############################

------------------------------
RATE MATRIX:
------------------------------

time = 1 days
COMP	QO	QG	QW	P
----	--	--	--	-
WELL05	0	0	0	80
WELL06	218	56.785	131.864	80
#1	218	56.785	131.864	45.5977

------------------------------
WELL: WELL05
------------------------------

------Controls-------
time       = 1
value      = 80
type       = BHP

------Gas Lift-------
time       = 1
value      = 10

------Routing-------
destination pipe = 1
value            = 1

------Rate Data-------
time       = 1 (days)
gas rate   = 0 (mcf/d)
oil rate   = 0 (bbl/d)
water rate = 0 (bbl/d)
pressure   = 80 (psia)

------------------------------
WELL: WELL06
------------------------------

------Controls-------
time       = 1
value      = 80
type       = BHP

------Gas Lift-------
time       = 1
value      = 0

------Routing-------
destination pipe = 1
value            = 1

------Rate Data-------
time       = 1 (days)
gas rate   = 56.785 (mcf/d)
oil rate   = 218 (bbl/d)
water rate = 131.864 (bbl/d)
pressure   = 80 (psia)

------------------------------
END PIPE: 1
------------------------------

Minimum outlet pressure = 10 (psia)

------Rate Data-------
time            = 1 (days)
gas rate        = 56.785 (mcf/d)
oil rate        = 218 (bbl/d)
water rate      = 131.864 (bbl/d)
inlet pressure  = 45.5977 (psia)

RUN # 2
CURRENT MODEL STATE:
###############################

------------------------------
RATE MATRIX:
------------------------------

time = 1 days
COMP	QO	QG	QW	P
----	--	--	--	-
WELL05	0	0	0	80.0172
WELL06	218	56.785	131.864	80
#1	218	56.785	131.864	45.5977

------------------------------
WELL: WELL05
------------------------------

------Controls-------
time       = 1
value      = 80.0172
type       = BHP

------Gas Lift-------
time       = 1
value      = 10

------Routing-------
destination pipe = 1
value            = 1

------Rate Data-------
time       = 1 (days)
gas rate   = 0 (mcf/d)
oil rate   = 0 (bbl/d)
water rate = 0 (bbl/d)
pressure   = 80.0172 (psia)

------------------------------
WELL: WELL06
------------------------------

------Controls-------
time       = 1
value      = 80
type       = BHP

------Gas Lift-------
time       = 1
value      = 0

------Routing-------
destination pipe = 1
value            = 1

------Rate Data-------
time       = 1 (days)
gas rate   = 56.785 (mcf/d)
oil rate   = 218 (bbl/d)
water rate = 131.864 (bbl/d)
pressure   = 80 (psia)

------------------------------
END PIPE: 1
------------------------------

Minimum outlet pressure = 10 (psia)

------Rate Data-------
time            = 1 (days)
gas rate        = 56.785 (mcf/d)
oil rate        = 218 (bbl/d)
water rate      = 131.864 (bbl/d)
inlet pressure  = 45.5977 (psia)

RUN # 3
CURRENT MODEL STATE:
###############################

------------------------------
RATE MATRIX:
------------------------------

time = 1 days
COMP	QO	QG	QW	P
----	--	--	--	-
WELL05	0	0	0	80
WELL06	218	56.785	131.864	80
#1	218	56.785	131.864	45.5977

------------------------------
WELL: WELL05
------------------------------

------Controls-------
time       = 1
value      = 80
type       = BHP

------Gas Lift-------
time       = 1
value      = 10.002

------Routing-------
destination pipe = 1
value            = 1

------Rate Data-------
time       = 1 (days)
gas rate   = 0 (mcf/d)
oil rate   = 0 (bbl/d)
water rate = 0 (bbl/d)
pressure   = 80 (psia)

------------------------------
WELL: WELL06
------------------------------

------Controls-------
time       = 1
value      = 80
type       = BHP

------Gas Lift-------
time       = 1
value      = 0

------Routing-------
destination pipe = 1
value            = 1

------Rate Data-------
time       = 1 (days)
gas rate   = 56.785 (mcf/d)
oil rate   = 218 (bbl/d)
water rate = 131.864 (bbl/d)
pressure   = 80 (psia)

------------------------------
END PIPE: 1
------------------------------

Minimum outlet pressure = 10 (psia)

------Rate Data-------
time            = 1 (days)
gas rate        = 56.785 (mcf/d)
oil rate        = 218 (bbl/d)
water rate      = 131.864 (bbl/d)
inlet pressure  = 45.5977 (psia)

RUN # 4
CURRENT MODEL STATE:
###############################

------------------------------
RATE MATRIX:
------------------------------

time = 1 days
COMP	QO	QG	QW	P
----	--	--	--	-
WELL05	0	0	0	80
WELL06	217.95	56.7812	131.834	80.0172
#1	217.95	56.7812	131.834	45.597

------------------------------
WELL: WELL05
------------------------------

------Controls-------
time       = 1
value      = 80
type       = BHP

------Gas Lift-------
time       = 1
value      = 10

------Routing-------
destination pipe = 1
value            = 1

------Rate Data-------
time       = 1 (days)
gas rate   = 0 (mcf/d)
oil rate   = 0 (bbl/d)
water rate = 0 (bbl/d)
pressure   = 80 (psia)

------------------------------
WELL: WELL06
------------------------------

------Controls-------
time       = 1
value      = 80.0172
type       = BHP

------Gas Lift-------
time       = 1
value      = 0

------Routing-------
destination pipe = 1
value            = 1

------Rate Data-------
time       = 1 (days)
gas rate   = 56.7812 (mcf/d)
oil rate   = 217.95 (bbl/d)
water rate = 131.834 (bbl/d)
pressure   = 80.0172 (psia)

------------------------------
END PIPE: 1
------------------------------

Minimum outlet pressure = 10 (psia)

------Rate Data-------
time            = 1 (days)
gas rate        = 56.7812 (mcf/d)
oil rate        = 217.95 (bbl/d)
water rate      = 131.834 (bbl/d)
inlet pressure  = 45.597 (psia)

RUN # 5
CURRENT MODEL STATE:
###############################

------------------------------
RATE MATRIX:
------------------------------

time = 1 days
COMP	QO	QG	QW	P
----	--	--	--	-
WELL05	0	0	0	80.0032
WELL06	226.079	57.4063	136.75	77.1949
#1	226.079	57.4063	136.75	45.6987

------------------------------
WELL: WELL05
------------------------------

------Controls-------
time       = 1
value      = 80.0032
type       = BHP

------Gas Lift-------
time       = 1
value      = 10

------Routing-------
destination pipe = 1
value            = 1

------Rate Data-------
time       = 1 (days)
gas rate   = 0 (mcf/d)
oil rate   = 0 (bbl/d)
water rate = 0 (bbl/d)
pressure   = 80.0032 (psia)

------------------------------
WELL: WELL06
------------------------------

------Controls-------
time       = 1
value      = 77.1949
type       = BHP

------Gas Lift-------
time       = 1
value      = 0

------Routing-------
destination pipe = 1
value            = 1

------Rate Data-------
time       = 1 (days)
gas rate   = 57.4063 (mcf/d)
oil rate   = 226.079 (bbl/d)
water rate = 136.75 (bbl/d)
pressure   = 77.1949 (psia)

------------------------------
END PIPE: 1
------------------------------

Minimum outlet pressure = 10 (psia)

------Rate Data-------
time            = 1 (days)
gas rate        = 57.4063 (mcf/d)
oil rate        = 226.079 (bbl/d)
water rate      = 136.75 (bbl/d)
inlet pressure  = 45.6987 (psia)

RUN # 6
CURRENT MODEL STATE:
###############################

------------------------------
RATE MATRIX:
------------------------------

time = 1 days
COMP	QO	QG	QW	P
----	--	--	--	-
WELL05	0	0	0	80.0204
WELL06	226.079	57.4063	136.75	77.1949
#1	226.079	57.4063	136.75	45.6987

------------------------------
WELL: WELL05
------------------------------

------Controls-------
time       = 1
value      = 80.0204
type       = BHP

------Gas Lift-------
time       = 1
value      = 10

------Routing-------
destination pipe = 1
value            = 1

------Rate Data-------
time       = 1 (days)
gas rate   = 0 (mcf/d)
oil rate   = 0 (bbl/d)
water rate = 0 (bbl/d)
pressure   = 80.0204 (psia)

------------------------------
WELL: WELL06
------------------------------

------Controls-------
time       = 1
value      = 77.1949
type       = BHP

------Gas Lift-------
time       = 1
value      = 0

------Routing-------
destination pipe = 1
value            = 1

------Rate Data-------
time       = 1 (days)
gas rate   = 57.4063 (mcf/d)
oil rate   = 226.079 (bbl/d)
water rate = 136.75 (bbl/d)
pressure   = 77.1949 (psia)

------------------------------
END PIPE: 1
------------------------------

Minimum outlet pressure = 10 (psia)

------Rate Data-------
time            = 1 (days)
gas rate        = 57.4063 (mcf/d)
oil rate        = 226.079 (bbl/d)
water rate      = 136.75 (bbl/d)
inlet pressure  = 45.6987 (psia)

RUN # 7
CURRENT MODEL STATE:
###############################

------------------------------
RATE MATRIX:
------------------------------

time = 1 days
COMP	QO	QG	QW	P
----	--	--	--	-
WELL05	0	0	0	80.0032
WELL06	226.079	57.4063	136.75	77.1949
#1	226.079	57.4063	136.75	45.6987

------------------------------
WELL: WELL05
------------------------------

------Controls-------
time       = 1
value      = 80.0032
type       = BHP

------Gas Lift-------
time       = 1
value      = 9.998

------Routing-------
destination pipe = 1
value            = 1

------Rate Data-------
time       = 1 (days)
gas rate   = 0 (mcf/d)
oil rate   = 0 (bbl/d)
water rate = 0 (bbl/d)
pressure   = 80.0032 (psia)

------------------------------
WELL: WELL06
------------------------------

------Controls-------
time       = 1
value      = 77.1949
type       = BHP

------Gas Lift-------
time       = 1
value      = 0

------Routing-------
destination pipe = 1
value            = 1

------Rate Data-------
time       = 1 (days)
gas rate   = 57.4063 (mcf/d)
oil rate   = 226.079 (bbl/d)
water rate = 136.75 (bbl/d)
pressure   = 77.1949 (psia)

------------------------------
END PIPE: 1
------------------------------

Minimum outlet pressure = 10 (psia)

------Rate Data-------
time            = 1 (days)
gas rate        = 57.4063 (mcf/d)
oil rate        = 226.079 (bbl/d)
water rate      = 136.75 (bbl/d)
inlet pressure  = 45.6987 (psia)

RUN # 8
CURRENT MODEL STATE:
###############################

------------------------------
RATE MATRIX:
------------------------------

time = 1 days
COMP	QO	QG	QW	P
----	--	--	--	-
WELL05	0	0	0	80.0032
WELL06	226.029	57.4025	136.72	77.2121
#1	226.029	57.4025	136.72	45.6987

------------------------------
WELL: WELL05
------------------------------

------Controls-------
time       = 1
value      = 80.0032
type       = BHP

------Gas Lift-------
time       = 1
value      = 10

------Routing-------
destination pipe = 1
value            = 1

------Rate Data-------
time       = 1 (days)
gas rate   = 0 (mcf/d)
oil rate   = 0 (bbl/d)
water rate = 0 (bbl/d)
pressure   = 80.0032 (psia)

------------------------------
WELL: WELL06
------------------------------

------Controls-------
time       = 1
value      = 77.2121
type       = BHP

------Gas Lift-------
time       = 1
value      = 0

------Routing-------
destination pipe = 1
value            = 1

------Rate Data-------
time       = 1 (days)
gas rate   = 57.4025 (mcf/d)
oil rate   = 226.029 (bbl/d)
water rate = 136.72 (bbl/d)
pressure   = 77.2121 (psia)

------------------------------
END PIPE: 1
------------------------------

Minimum outlet pressure = 10 (psia)

------Rate Data-------
time            = 1 (days)
gas rate        = 57.4025 (mcf/d)
oil rate        = 226.029 (bbl/d)
water rate      = 136.72 (bbl/d)
inlet pressure  = 45.6987 (psia)

RUN # 9
CURRENT MODEL STATE:
###############################

------------------------------
RATE MATRIX:
------------------------------

time = 1 days
COMP	QO	QG	QW	P
----	--	--	--	-
WELL05	0	0	0	80.0037
WELL06	234.358	58.0431	141.758	74.3201
#1	234.358	58.0431	141.758	45.7122

------------------------------
WELL: WELL05
------------------------------

------Controls-------
time       = 1
value      = 80.0037
type       = BHP

------Gas Lift-------
time       = 1
value      = 10

------Routing-------
destination pipe = 1
value            = 1

------Rate Data-------
time       = 1 (days)
gas rate   = 0 (mcf/d)
oil rate   = 0 (bbl/d)
water rate = 0 (bbl/d)
pressure   = 80.0037 (psia)

------------------------------
WELL: WELL06
------------------------------

------Controls-------
time       = 1
value      = 74.3201
type       = BHP

------Gas Lift-------
time       = 1
value      = 0

------Routing-------
destination pipe = 1
value            = 1

------Rate Data-------
time       = 1 (days)
gas rate   = 58.0431 (mcf/d)
oil rate   = 234.358 (bbl/d)
water rate = 141.758 (bbl/d)
pressure   = 74.3201 (psia)

------------------------------
END PIPE: 1
------------------------------

Minimum outlet pressure = 10 (psia)

------Rate Data-------
time            = 1 (days)
gas rate        = 58.0431 (mcf/d)
oil rate        = 234.358 (bbl/d)
water rate      = 141.758 (bbl/d)
inlet pressure  = 45.7122 (psia)

RUN # 10
CURRENT MODEL STATE:
###############################

------------------------------
RATE MATRIX:
------------------------------

time = 1 days
COMP	QO	QG	QW	P
----	--	--	--	-
WELL05	0	0	0	80.0209
WELL06	234.358	58.0431	141.758	74.3201
#1	234.358	58.0431	141.758	45.7122

------------------------------
WELL: WELL05
------------------------------

------Controls-------
time       = 1
value      = 80.0209
type       = BHP

------Gas Lift-------
time       = 1
value      = 10

------Routing-------
destination pipe = 1
value            = 1

------Rate Data-------
time       = 1 (days)
gas rate   = 0 (mcf/d)
oil rate   = 0 (bbl/d)
water rate = 0 (bbl/d)
pressure   = 80.0209 (psia)

------------------------------
WELL: WELL06
------------------------------

------Controls-------
time       = 1
value      = 74.3201
type       = BHP

------Gas Lift-------
time       = 1
value      = 0

------Routing-------
destination pipe = 1
value            = 1

------Rate Data-------
time       = 1 (days)
gas rate   = 58.0431 (mcf/d)
oil rate   = 234.358 (bbl/d)
water rate = 141.758 (bbl/d)
pressure   = 74.3201 (psia)

------------------------------
END PIPE: 1
------------------------------

Minimum outlet pressure = 10 (psia)

------Rate Data-------
time            = 1 (days)
gas rate        = 58.0431 (mcf/d)
oil rate        = 234.358 (bbl/d)
water rate      = 141.758 (bbl/d)
inlet pressure  = 45.7122 (psia)

RUN # 11
CURRENT MODEL STATE:
###############################

------------------------------
RATE MATRIX:
------------------------------

time = 1 days
COMP	QO	QG	QW	P
----	--	--	--	-
WELL05	0	0	0	80.0037
WELL06	234.358	58.0431	141.758	74.3201
#1	234.358	58.0431	141.758	45.7122

------------------------------
WELL: WELL05
------------------------------

------Controls-------
time       = 1
value      = 80.0037
type       = BHP

------Gas Lift-------
time       = 1
value      = 9.998

------Routing-------
destination pipe = 1
value            = 1

------Rate Data-------
time       = 1 (days)
gas rate   = 0 (mcf/d)
oil rate   = 0 (bbl/d)
water rate = 0 (bbl/d)
pressure   = 80.0037 (psia)

------------------------------
WELL: WELL06
------------------------------

------Controls-------
time       = 1
value      = 74.3201
type       = BHP

------Gas Lift-------
time       = 1
value      = 0

------Routing-------
destination pipe = 1
value            = 1

------Rate Data-------
time       = 1 (days)
gas rate   = 58.0431 (mcf/d)
oil rate   = 234.358 (bbl/d)
water rate = 141.758 (bbl/d)
pressure   = 74.3201 (psia)

------------------------------
END PIPE: 1
------------------------------

Minimum outlet pressure = 10 (psia)

------Rate Data-------
time            = 1 (days)
gas rate        = 58.0431 (mcf/d)
oil rate        = 234.358 (bbl/d)
water rate      = 141.758 (bbl/d)
inlet pressure  = 45.7122 (psia)

RUN # 12
CURRENT MODEL STATE:
###############################

------------------------------
RATE MATRIX:
------------------------------

time = 1 days
COMP	QO	QG	QW	P
----	--	--	--	-
WELL05	0	0	0	80.0037
WELL06	234.309	58.0393	141.728	74.3373
#1	234.309	58.0393	141.728	45.7121

------------------------------
WELL: WELL05
------------------------------

------Controls-------
time       = 1
value      = 80.0037
type       = BHP

------Gas Lift-------
time       = 1
value      = 10

------Routing-------
destination pipe = 1
value            = 1

------Rate Data-------
time       = 1 (days)
gas rate   = 0 (mcf/d)
oil rate   = 0 (bbl/d)
water rate = 0 (bbl/d)
pressure   = 80.0037 (psia)

------------------------------
WELL: WELL06
------------------------------

------Controls-------
time       = 1
value      = 74.3373
type       = BHP

------Gas Lift-------
time       = 1
value      = 0

------Routing-------
destination pipe = 1
value            = 1

------Rate Data-------
time       = 1 (days)
gas rate   = 58.0393 (mcf/d)
oil rate   = 234.309 (bbl/d)
water rate = 141.728 (bbl/d)
pressure   = 74.3373 (psia)

------------------------------
END PIPE: 1
------------------------------

Minimum outlet pressure = 10 (psia)

------Rate Data-------
time            = 1 (days)
gas rate        = 58.0393 (mcf/d)
oil rate        = 234.309 (bbl/d)
water rate      = 141.728 (bbl/d)
inlet pressure  = 45.7121 (psia)

RUN # 13
CURRENT MODEL STATE:
###############################

------------------------------
RATE MATRIX:
------------------------------

time = 1 days
COMP	QO	QG	QW	P
----	--	--	--	-
WELL05	0	0	0	83.0826
WELL06	359.785	68.893	218.669	28.4455
#1	359.785	68.893	218.669	43.9235

------------------------------
WELL: WELL05
------------------------------

------Controls-------
time       = 1
value      = 83.0826
type       = BHP

------Gas Lift-------
time       = 1
value      = 10

------Routing-------
destination pipe = 1
value            = 1

------Rate Data-------
time       = 1 (days)
gas rate   = 0 (mcf/d)
oil rate   = 0 (bbl/d)
water rate = 0 (bbl/d)
pressure   = 83.0826 (psia)

------------------------------
WELL: WELL06
------------------------------

------Controls-------
time       = 1
value      = 28.4455
type       = BHP

------Gas Lift-------
time       = 1
value      = 0

------Routing-------
destination pipe = 1
value            = 1

------Rate Data-------
time       = 1 (days)
gas rate   = 68.893 (mcf/d)
oil rate   = 359.785 (bbl/d)
water rate = 218.669 (bbl/d)
pressure   = 28.4455 (psia)

------------------------------
END PIPE: 1
------------------------------

Minimum outlet pressure = 10 (psia)

------Rate Data-------
time            = 1 (days)
gas rate        = 68.893 (mcf/d)
oil rate        = 359.785 (bbl/d)
water rate      = 218.669 (bbl/d)
inlet pressure  = 43.9235 (psia)

RUN # 14
CURRENT MODEL STATE:
###############################

------------------------------
RATE MATRIX:
------------------------------

time = 1 days
COMP	QO	QG	QW	P
----	--	--	--	-
WELL05	0	0	0	83.0998
WELL06	359.785	68.893	218.669	28.4455
#1	359.785	68.893	218.669	43.9235

------------------------------
WELL: WELL05
------------------------------

------Controls-------
time       = 1
value      = 83.0998
type       = BHP

------Gas Lift-------
time       = 1
value      = 10

------Routing-------
destination pipe = 1
value            = 1

------Rate Data-------
time       = 1 (days)
gas rate   = 0 (mcf/d)
oil rate   = 0 (bbl/d)
water rate = 0 (bbl/d)
pressure   = 83.0998 (psia)

------------------------------
WELL: WELL06
------------------------------

------Controls-------
time       = 1
value      = 28.4455
type       = BHP

------Gas Lift-------
time       = 1
value      = 0

------Routing-------
destination pipe = 1
value            = 1

------Rate Data-------
time       = 1 (days)
gas rate   = 68.893 (mcf/d)
oil rate   = 359.785 (bbl/d)
water rate = 218.669 (bbl/d)
pressure   = 28.4455 (psia)

------------------------------
END PIPE: 1
------------------------------

Minimum outlet pressure = 10 (psia)

------Rate Data-------
time            = 1 (days)
gas rate        = 68.893 (mcf/d)
oil rate        = 359.785 (bbl/d)
water rate      = 218.669 (bbl/d)
inlet pressure  = 43.9235 (psia)

RUN # 15
CURRENT MODEL STATE:
###############################

------------------------------
RATE MATRIX:
------------------------------

time = 1 days
COMP	QO	QG	QW	P
----	--	--	--	-
WELL05	0	0	0	83.0826
WELL06	359.785	68.893	218.669	28.4455
#1	359.785	68.893	218.669	43.9235

------------------------------
WELL: WELL05
------------------------------

------Controls-------
time       = 1
value      = 83.0826
type       = BHP

------Gas Lift-------
time       = 1
value      = 9.998

------Routing-------
destination pipe = 1
value            = 1

------Rate Data-------
time       = 1 (days)
gas rate   = 0 (mcf/d)
oil rate   = 0 (bbl/d)
water rate = 0 (bbl/d)
pressure   = 83.0826 (psia)

------------------------------
WELL: WELL06
------------------------------

------Controls-------
time       = 1
value      = 28.4455
type       = BHP

------Gas Lift-------
time       = 1
value      = 0

------Routing-------
destination pipe = 1
value            = 1

------Rate Data-------
time       = 1 (days)
gas rate   = 68.893 (mcf/d)
oil rate   = 359.785 (bbl/d)
water rate = 218.669 (bbl/d)
pressure   = 28.4455 (psia)

------------------------------
END PIPE: 1
------------------------------

Minimum outlet pressure = 10 (psia)

------Rate Data-------
time            = 1 (days)
gas rate        = 68.893 (mcf/d)
oil rate        = 359.785 (bbl/d)
water rate      = 218.669 (bbl/d)
inlet pressure  = 43.9235 (psia)

RUN # 16
CURRENT MODEL STATE:
###############################

------------------------------
RATE MATRIX:
------------------------------

time = 1 days
COMP	QO	QG	QW	P
----	--	--	--	-
WELL05	0	0	0	83.0826
WELL06	359.719	68.8747	218.617	28.4627
#1	359.719	68.8747	218.617	43.9255

------------------------------
WELL: WELL05
------------------------------

------Controls-------
time       = 1
value      = 83.0826
type       = BHP

------Gas Lift-------
time       = 1
value      = 10

------Routing-------
destination pipe = 1
value            = 1

------Rate Data-------
time       = 1 (days)
gas rate   = 0 (mcf/d)
oil rate   = 0 (bbl/d)
water rate = 0 (bbl/d)
pressure   = 83.0826 (psia)

------------------------------
WELL: WELL06
------------------------------

------Controls-------
time       = 1
value      = 28.4627
type       = BHP

------Gas Lift-------
time       = 1
value      = 0

------Routing-------
destination pipe = 1
value            = 1

------Rate Data-------
time       = 1 (days)
gas rate   = 68.8747 (mcf/d)
oil rate   = 359.719 (bbl/d)
water rate = 218.617 (bbl/d)
pressure   = 28.4627 (psia)

------------------------------
END PIPE: 1
------------------------------

Minimum outlet pressure = 10 (psia)

------Rate Data-------
time            = 1 (days)
gas rate        = 68.8747 (mcf/d)
oil rate        = 359.719 (bbl/d)
water rate      = 218.617 (bbl/d)
inlet pressure  = 43.9255 (psia)

RUN # 17
CURRENT MODEL STATE:
###############################

------------------------------
RATE MATRIX:
------------------------------

time = 1 days
COMP	QO	QG	QW	P
----	--	--	--	-
WELL05	0	0	0	112.525
WELL06	330.03	65.4119	199.628	39.5464
#1	330.03	65.4119	199.628	44.5907

------------------------------
WELL: WELL05
------------------------------

------Controls-------
time       = 1
value      = 112.525
type       = BHP

------Gas Lift-------
time       = 1
value      = 10

------Routing-------
destination pipe = 1
value            = 1

------Rate Data-------
time       = 1 (days)
gas rate   = 0 (mcf/d)
oil rate   = 0 (bbl/d)
water rate = 0 (bbl/d)
pressure   = 112.525 (psia)

------------------------------
WELL: WELL06
------------------------------

------Controls-------
time       = 1
value      = 39.5464
type       = BHP

------Gas Lift-------
time       = 1
value      = 0

------Routing-------
destination pipe = 1
value            = 1

------Rate Data-------
time       = 1 (days)
gas rate   = 65.4119 (mcf/d)
oil rate   = 330.03 (bbl/d)
water rate = 199.628 (bbl/d)
pressure   = 39.5464 (psia)

------------------------------
END PIPE: 1
------------------------------

Minimum outlet pressure = 10 (psia)

------Rate Data-------
time            = 1 (days)
gas rate        = 65.4119 (mcf/d)
oil rate        = 330.03 (bbl/d)
water rate      = 199.628 (bbl/d)
inlet pressure  = 44.5907 (psia)

RUN # 18
CURRENT MODEL STATE:
###############################

------------------------------
RATE MATRIX:
------------------------------

time = 1 days
COMP	QO	QG	QW	P
----	--	--	--	-
WELL05	0	0	0	112.508
WELL06	330.03	65.4119	199.628	39.5464
#1	330.03	65.4119	199.628	44.5907

------------------------------
WELL: WELL05
------------------------------

------Controls-------
time       = 1
value      = 112.508
type       = BHP

------Gas Lift-------
time       = 1
value      = 10

------Routing-------
destination pipe = 1
value            = 1

------Rate Data-------
time       = 1 (days)
gas rate   = 0 (mcf/d)
oil rate   = 0 (bbl/d)
water rate = 0 (bbl/d)
pressure   = 112.508 (psia)

------------------------------
WELL: WELL06
------------------------------

------Controls-------
time       = 1
value      = 39.5464
type       = BHP

------Gas Lift-------
time       = 1
value      = 0

------Routing-------
destination pipe = 1
value            = 1

------Rate Data-------
time       = 1 (days)
gas rate   = 65.4119 (mcf/d)
oil rate   = 330.03 (bbl/d)
water rate = 199.628 (bbl/d)
pressure   = 39.5464 (psia)

------------------------------
END PIPE: 1
------------------------------

Minimum outlet pressure = 10 (psia)

------Rate Data-------
time            = 1 (days)
gas rate        = 65.4119 (mcf/d)
oil rate        = 330.03 (bbl/d)
water rate      = 199.628 (bbl/d)
inlet pressure  = 44.5907 (psia)

RUN # 19
CURRENT MODEL STATE:
###############################

------------------------------
RATE MATRIX:
------------------------------

time = 1 days
COMP	QO	QG	QW	P
----	--	--	--	-
WELL05	0	0	0	112.525
WELL06	330.03	65.4119	199.628	39.5464
#1	330.03	65.4119	199.628	44.5907

------------------------------
WELL: WELL05
------------------------------

------Controls-------
time       = 1
value      = 112.525
type       = BHP

------Gas Lift-------
time       = 1
value      = 9.998

------Routing-------
destination pipe = 1
value            = 1

------Rate Data-------
time       = 1 (days)
gas rate   = 0 (mcf/d)
oil rate   = 0 (bbl/d)
water rate = 0 (bbl/d)
pressure   = 112.525 (psia)

------------------------------
WELL: WELL06
------------------------------

------Controls-------
time       = 1
value      = 39.5464
type       = BHP

------Gas Lift-------
time       = 1
value      = 0

------Routing-------
destination pipe = 1
value            = 1

------Rate Data-------
time       = 1 (days)
gas rate   = 65.4119 (mcf/d)
oil rate   = 330.03 (bbl/d)
water rate = 199.628 (bbl/d)
pressure   = 39.5464 (psia)

------------------------------
END PIPE: 1
------------------------------

Minimum outlet pressure = 10 (psia)

------Rate Data-------
time            = 1 (days)
gas rate        = 65.4119 (mcf/d)
oil rate        = 330.03 (bbl/d)
water rate      = 199.628 (bbl/d)
inlet pressure  = 44.5907 (psia)

RUN # 20
CURRENT MODEL STATE:
###############################

------------------------------
RATE MATRIX:
------------------------------

time = 1 days
COMP	QO	QG	QW	P
----	--	--	--	-
WELL05	0	0	0	112.525
WELL06	329.987	65.4086	199.602	39.5636
#1	329.987	65.4086	199.602	44.5916

------------------------------
WELL: WELL05
------------------------------

------Controls-------
time       = 1
value      = 112.525
type       = BHP

------Gas Lift-------
time       = 1
value      = 10

------Routing-------
destination pipe = 1
value            = 1

------Rate Data-------
time       = 1 (days)
gas rate   = 0 (mcf/d)
oil rate   = 0 (bbl/d)
water rate = 0 (bbl/d)
pressure   = 112.525 (psia)

------------------------------
WELL: WELL06
------------------------------

------Controls-------
time       = 1
value      = 39.5636
type       = BHP

------Gas Lift-------
time       = 1
value      = 0

------Routing-------
destination pipe = 1
value            = 1

------Rate Data-------
time       = 1 (days)
gas rate   = 65.4086 (mcf/d)
oil rate   = 329.987 (bbl/d)
water rate = 199.602 (bbl/d)
pressure   = 39.5636 (psia)

------------------------------
END PIPE: 1
------------------------------

Minimum outlet pressure = 10 (psia)

------Rate Data-------
time            = 1 (days)
gas rate        = 65.4086 (mcf/d)
oil rate        = 329.987 (bbl/d)
water rate      = 199.602 (bbl/d)
inlet pressure  = 44.5916 (psia)

RUN # 21
CURRENT MODEL STATE:
###############################

------------------------------
RATE MATRIX:
------------------------------

time = 1 days
COMP	QO	QG	QW	P
----	--	--	--	-
WELL05	0	0	0	114.754
WELL06	320.974	64.7154	194.15	43.1831
#1	320.974	64.7154	194.15	44.7638

------------------------------
WELL: WELL05
------------------------------

------Controls-------
time       = 1
value      = 114.754
type       = BHP

------Gas Lift-------
time       = 1
value      = 10

------Routing-------
destination pipe = 1
value            = 1

------Rate Data-------
time       = 1 (days)
gas rate   = 0 (mcf/d)
oil rate   = 0 (bbl/d)
water rate = 0 (bbl/d)
pressure   = 114.754 (psia)

------------------------------
WELL: WELL06
------------------------------

------Controls-------
time       = 1
value      = 43.1831
type       = BHP

------Gas Lift-------
time       = 1
value      = 0

------Routing-------
destination pipe = 1
value            = 1

------Rate Data-------
time       = 1 (days)
gas rate   = 64.7154 (mcf/d)
oil rate   = 320.974 (bbl/d)
water rate = 194.15 (bbl/d)
pressure   = 43.1831 (psia)

------------------------------
END PIPE: 1
------------------------------

Minimum outlet pressure = 10 (psia)

------Rate Data-------
time            = 1 (days)
gas rate        = 64.7154 (mcf/d)
oil rate        = 320.974 (bbl/d)
water rate      = 194.15 (bbl/d)
inlet pressure  = 44.7638 (psia)

RUN # 22
CURRENT MODEL STATE:
###############################

------------------------------
RATE MATRIX:
------------------------------

time = 1 days
COMP	QO	QG	QW	P
----	--	--	--	-
WELL05	0	0	0	114.737
WELL06	320.974	64.7154	194.15	43.1831
#1	320.974	64.7154	194.15	44.7638

------------------------------
WELL: WELL05
------------------------------

------Controls-------
time       = 1
value      = 114.737
type       = BHP

------Gas Lift-------
time       = 1
value      = 10

------Routing-------
destination pipe = 1
value            = 1

------Rate Data-------
time       = 1 (days)
gas rate   = 0 (mcf/d)
oil rate   = 0 (bbl/d)
water rate = 0 (bbl/d)
pressure   = 114.737 (psia)

------------------------------
WELL: WELL06
------------------------------

------Controls-------
time       = 1
value      = 43.1831
type       = BHP

------Gas Lift-------
time       = 1
value      = 0

------Routing-------
destination pipe = 1
value            = 1

------Rate Data-------
time       = 1 (days)
gas rate   = 64.7154 (mcf/d)
oil rate   = 320.974 (bbl/d)
water rate = 194.15 (bbl/d)
pressure   = 43.1831 (psia)

------------------------------
END PIPE: 1
------------------------------

Minimum outlet pressure = 10 (psia)

------Rate Data-------
time            = 1 (days)
gas rate        = 64.7154 (mcf/d)
oil rate        = 320.974 (bbl/d)
water rate      = 194.15 (bbl/d)
inlet pressure  = 44.7638 (psia)

RUN # 23
CURRENT MODEL STATE:
###############################

------------------------------
RATE MATRIX:
------------------------------

time = 1 days
COMP	QO	QG	QW	P
----	--	--	--	-
WELL05	0	0	0	114.754
WELL06	320.974	64.7154	194.15	43.1831
#1	320.974	64.7154	194.15	44.7638

------------------------------
WELL: WELL05
------------------------------

------Controls-------
time       = 1
value      = 114.754
type       = BHP

------Gas Lift-------
time       = 1
value      = 9.998

------Routing-------
destination pipe = 1
value            = 1

------Rate Data-------
time       = 1 (days)
gas rate   = 0 (mcf/d)
oil rate   = 0 (bbl/d)
water rate = 0 (bbl/d)
pressure   = 114.754 (psia)

------------------------------
WELL: WELL06
------------------------------

------Controls-------
time       = 1
value      = 43.1831
type       = BHP

------Gas Lift-------
time       = 1
value      = 0

------Routing-------
destination pipe = 1
value            = 1

------Rate Data-------
time       = 1 (days)
gas rate   = 64.7154 (mcf/d)
oil rate   = 320.974 (bbl/d)
water rate = 194.15 (bbl/d)
pressure   = 43.1831 (psia)

------------------------------
END PIPE: 1
------------------------------

Minimum outlet pressure = 10 (psia)

------Rate Data-------
time            = 1 (days)
gas rate        = 64.7154 (mcf/d)
oil rate        = 320.974 (bbl/d)
water rate      = 194.15 (bbl/d)
inlet pressure  = 44.7638 (psia)

RUN # 24
CURRENT MODEL STATE:
###############################

------------------------------
RATE MATRIX:
------------------------------

time = 1 days
COMP	QO	QG	QW	P
----	--	--	--	-
WELL05	0	0	0	114.754
WELL06	320.931	64.7121	194.125	43.2003
#1	320.931	64.7121	194.125	44.7646

------------------------------
WELL: WELL05
------------------------------

------Controls-------
time       = 1
value      = 114.754
type       = BHP

------Gas Lift-------
time       = 1
value      = 10

------Routing-------
destination pipe = 1
value            = 1

------Rate Data-------
time       = 1 (days)
gas rate   = 0 (mcf/d)
oil rate   = 0 (bbl/d)
water rate = 0 (bbl/d)
pressure   = 114.754 (psia)

------------------------------
WELL: WELL06
------------------------------

------Controls-------
time       = 1
value      = 43.2003
type       = BHP

------Gas Lift-------
time       = 1
value      = 0

------Routing-------
destination pipe = 1
value            = 1

------Rate Data-------
time       = 1 (days)
gas rate   = 64.7121 (mcf/d)
oil rate   = 320.931 (bbl/d)
water rate = 194.125 (bbl/d)
pressure   = 43.2003 (psia)

------------------------------
END PIPE: 1
------------------------------

Minimum outlet pressure = 10 (psia)

------Rate Data-------
time            = 1 (days)
gas rate        = 64.7121 (mcf/d)
oil rate        = 320.931 (bbl/d)
water rate      = 194.125 (bbl/d)
inlet pressure  = 44.7646 (psia)

RUN # 25
CURRENT MODEL STATE:
###############################

------------------------------
RATE MATRIX:
------------------------------

time = 1 days
COMP	QO	QG	QW	P
----	--	--	--	-
WELL05	0	0	0	113.878
WELL06	317.132	64.4199	191.826	44.7263
#1	317.132	64.4199	191.826	44.8352

------------------------------
WELL: WELL05
------------------------------

------Controls-------
time       = 1
value      = 113.878
type       = BHP

------Gas Lift-------
time       = 1
value      = 10

------Routing-------
destination pipe = 1
value            = 1

------Rate Data-------
time       = 1 (days)
gas rate   = 0 (mcf/d)
oil rate   = 0 (bbl/d)
water rate = 0 (bbl/d)
pressure   = 113.878 (psia)

------------------------------
WELL: WELL06
------------------------------

------Controls-------
time       = 1
value      = 44.7263
type       = BHP

------Gas Lift-------
time       = 1
value      = 0

------Routing-------
destination pipe = 1
value            = 1

------Rate Data-------
time       = 1 (days)
gas rate   = 64.4199 (mcf/d)
oil rate   = 317.132 (bbl/d)
water rate = 191.826 (bbl/d)
pressure   = 44.7263 (psia)

------------------------------
END PIPE: 1
------------------------------

Minimum outlet pressure = 10 (psia)

------Rate Data-------
time            = 1 (days)
gas rate        = 64.4199 (mcf/d)
oil rate        = 317.132 (bbl/d)
water rate      = 191.826 (bbl/d)
inlet pressure  = 44.8352 (psia)

RUN # 26
CURRENT MODEL STATE:
###############################

------------------------------
RATE MATRIX:
------------------------------

time = 1 days
COMP	QO	QG	QW	P
----	--	--	--	-
WELL05	0	0	0	113.861
WELL06	317.132	64.4199	191.826	44.7263
#1	317.132	64.4199	191.826	44.8352

------------------------------
WELL: WELL05
------------------------------

------Controls-------
time       = 1
value      = 113.861
type       = BHP

------Gas Lift-------
time       = 1
value      = 10

------Routing-------
destination pipe = 1
value            = 1

------Rate Data-------
time       = 1 (days)
gas rate   = 0 (mcf/d)
oil rate   = 0 (bbl/d)
water rate = 0 (bbl/d)
pressure   = 113.861 (psia)

------------------------------
WELL: WELL06
------------------------------

------Controls-------
time       = 1
value      = 44.7263
type       = BHP

------Gas Lift-------
time       = 1
value      = 0

------Routing-------
destination pipe = 1
value            = 1

------Rate Data-------
time       = 1 (days)
gas rate   = 64.4199 (mcf/d)
oil rate   = 317.132 (bbl/d)
water rate = 191.826 (bbl/d)
pressure   = 44.7263 (psia)

------------------------------
END PIPE: 1
------------------------------

Minimum outlet pressure = 10 (psia)

------Rate Data-------
time            = 1 (days)
gas rate        = 64.4199 (mcf/d)
oil rate        = 317.132 (bbl/d)
water rate      = 191.826 (bbl/d)
inlet pressure  = 44.8352 (psia)

RUN # 27
CURRENT MODEL STATE:
###############################

------------------------------
RATE MATRIX:
------------------------------

time = 1 days
COMP	QO	QG	QW	P
----	--	--	--	-
WELL05	0	0	0	113.878
WELL06	317.132	64.4199	191.826	44.7263
#1	317.132	64.4199	191.826	44.8352

------------------------------
WELL: WELL05
------------------------------

------Controls-------
time       = 1
value      = 113.878
type       = BHP

------Gas Lift-------
time       = 1
value      = 9.998

------Routing-------
destination pipe = 1
value            = 1

------Rate Data-------
time       = 1 (days)
gas rate   = 0 (mcf/d)
oil rate   = 0 (bbl/d)
water rate = 0 (bbl/d)
pressure   = 113.878 (psia)

------------------------------
WELL: WELL06
------------------------------

------Controls-------
time       = 1
value      = 44.7263
type       = BHP

------Gas Lift-------
time       = 1
value      = 0

------Routing-------
destination pipe = 1
value            = 1

------Rate Data-------
time       = 1 (days)
gas rate   = 64.4199 (mcf/d)
oil rate   = 317.132 (bbl/d)
water rate = 191.826 (bbl/d)
pressure   = 44.7263 (psia)

------------------------------
END PIPE: 1
------------------------------

Minimum outlet pressure = 10 (psia)

------Rate Data-------
time            = 1 (days)
gas rate        = 64.4199 (mcf/d)
oil rate        = 317.132 (bbl/d)
water rate      = 191.826 (bbl/d)
inlet pressure  = 44.8352 (psia)

RUN # 28
CURRENT MODEL STATE:
###############################

------------------------------
RATE MATRIX:
------------------------------

time = 1 days
COMP	QO	QG	QW	P
----	--	--	--	-
WELL05	0	0	0	113.878
WELL06	317.089	64.4166	191.8	44.7435
#1	317.089	64.4166	191.8	44.836

------------------------------
WELL: WELL05
------------------------------

------Controls-------
time       = 1
value      = 113.878
type       = BHP

------Gas Lift-------
time       = 1
value      = 10

------Routing-------
destination pipe = 1
value            = 1

------Rate Data-------
time       = 1 (days)
gas rate   = 0 (mcf/d)
oil rate   = 0 (bbl/d)
water rate = 0 (bbl/d)
pressure   = 113.878 (psia)

------------------------------
WELL: WELL06
------------------------------

------Controls-------
time       = 1
value      = 44.7435
type       = BHP

------Gas Lift-------
time       = 1
value      = 0

------Routing-------
destination pipe = 1
value            = 1

------Rate Data-------
time       = 1 (days)
gas rate   = 64.4166 (mcf/d)
oil rate   = 317.089 (bbl/d)
water rate = 191.8 (bbl/d)
pressure   = 44.7435 (psia)

------------------------------
END PIPE: 1
------------------------------

Minimum outlet pressure = 10 (psia)

------Rate Data-------
time            = 1 (days)
gas rate        = 64.4166 (mcf/d)
oil rate        = 317.089 (bbl/d)
water rate      = 191.8 (bbl/d)
inlet pressure  = 44.836 (psia)

RUN # 29
CURRENT MODEL STATE:
###############################

------------------------------
RATE MATRIX:
------------------------------

time = 1 days
COMP	QO	QG	QW	P
----	--	--	--	-
WELL05	0	0	0	113.793
WELL06	316.848	64.3981	191.655	44.8403
#1	316.848	64.3981	191.655	44.8405

------------------------------
WELL: WELL05
------------------------------

------Controls-------
time       = 1
value      = 113.793
type       = BHP

------Gas Lift-------
time       = 1
value      = 10

------Routing-------
destination pipe = 1
value            = 1

------Rate Data-------
time       = 1 (days)
gas rate   = 0 (mcf/d)
oil rate   = 0 (bbl/d)
water rate = 0 (bbl/d)
pressure   = 113.793 (psia)

------------------------------
WELL: WELL06
------------------------------

------Controls-------
time       = 1
value      = 44.8403
type       = BHP

------Gas Lift-------
time       = 1
value      = 0

------Routing-------
destination pipe = 1
value            = 1

------Rate Data-------
time       = 1 (days)
gas rate   = 64.3981 (mcf/d)
oil rate   = 316.848 (bbl/d)
water rate = 191.655 (bbl/d)
pressure   = 44.8403 (psia)

------------------------------
END PIPE: 1
------------------------------

Minimum outlet pressure = 10 (psia)

------Rate Data-------
time            = 1 (days)
gas rate        = 64.3981 (mcf/d)
oil rate        = 316.848 (bbl/d)
water rate      = 191.655 (bbl/d)
inlet pressure  = 44.8405 (psia)

RUN # 30
CURRENT MODEL STATE:
###############################

------------------------------
RATE MATRIX:
------------------------------

time = 1 days
COMP	QO	QG	QW	P
----	--	--	--	-
WELL05	0	0	0	113.776
WELL06	316.848	64.3981	191.655	44.8403
#1	316.848	64.3981	191.655	44.8405

------------------------------
WELL: WELL05
------------------------------

------Controls-------
time       = 1
value      = 113.776
type       = BHP

------Gas Lift-------
time       = 1
value      = 10

------Routing-------
destination pipe = 1
value            = 1

------Rate Data-------
time       = 1 (days)
gas rate   = 0 (mcf/d)
oil rate   = 0 (bbl/d)
water rate = 0 (bbl/d)
pressure   = 113.776 (psia)

------------------------------
WELL: WELL06
------------------------------

------Controls-------
time       = 1
value      = 44.8403
type       = BHP

------Gas Lift-------
time       = 1
value      = 0

------Routing-------
destination pipe = 1
value            = 1

------Rate Data-------
time       = 1 (days)
gas rate   = 64.3981 (mcf/d)
oil rate   = 316.848 (bbl/d)
water rate = 191.655 (bbl/d)
pressure   = 44.8403 (psia)

------------------------------
END PIPE: 1
------------------------------

Minimum outlet pressure = 10 (psia)

------Rate Data-------
time            = 1 (days)
gas rate        = 64.3981 (mcf/d)
oil rate        = 316.848 (bbl/d)
water rate      = 191.655 (bbl/d)
inlet pressure  = 44.8405 (psia)

RUN # 31
CURRENT MODEL STATE:
###############################

------------------------------
RATE MATRIX:
------------------------------

time = 1 days
COMP	QO	QG	QW	P
----	--	--	--	-
WELL05	0	0	0	113.793
WELL06	316.848	64.3981	191.655	44.8403
#1	316.848	64.3981	191.655	44.8405

------------------------------
WELL: WELL05
------------------------------

------Controls-------
time       = 1
value      = 113.793
type       = BHP

------Gas Lift-------
time       = 1
value      = 9.998

------Routing-------
destination pipe = 1
value            = 1

------Rate Data-------
time       = 1 (days)
gas rate   = 0 (mcf/d)
oil rate   = 0 (bbl/d)
water rate = 0 (bbl/d)
pressure   = 113.793 (psia)

------------------------------
WELL: WELL06
------------------------------

------Controls-------
time       = 1
value      = 44.8403
type       = BHP

------Gas Lift-------
time       = 1
value      = 0

------Routing-------
destination pipe = 1
value            = 1

------Rate Data-------
time       = 1 (days)
gas rate   = 64.3981 (mcf/d)
oil rate   = 316.848 (bbl/d)
water rate = 191.655 (bbl/d)
pressure   = 44.8403 (psia)

------------------------------
END PIPE: 1
------------------------------

Minimum outlet pressure = 10 (psia)

------Rate Data-------
time            = 1 (days)
gas rate        = 64.3981 (mcf/d)
oil rate        = 316.848 (bbl/d)
water rate      = 191.655 (bbl/d)
inlet pressure  = 44.8405 (psia)

RUN # 32
CURRENT MODEL STATE:
###############################

------------------------------
RATE MATRIX:
------------------------------

time = 1 days
COMP	QO	QG	QW	P
----	--	--	--	-
WELL05	0	0	0	113.793
WELL06	316.805	64.3948	191.629	44.8575
#1	316.805	64.3948	191.629	44.8413

------------------------------
WELL: WELL05
------------------------------

------Controls-------
time       = 1
value      = 113.793
type       = BHP

------Gas Lift-------
time       = 1
value      = 10

------Routing-------
destination pipe = 1
value            = 1

------Rate Data-------
time       = 1 (days)
gas rate   = 0 (mcf/d)
oil rate   = 0 (bbl/d)
water rate = 0 (bbl/d)
pressure   = 113.793 (psia)

------------------------------
WELL: WELL06
------------------------------

------Controls-------
time       = 1
value      = 44.8575
type       = BHP

------Gas Lift-------
time       = 1
value      = 0

------Routing-------
destination pipe = 1
value            = 1

------Rate Data-------
time       = 1 (days)
gas rate   = 64.3948 (mcf/d)
oil rate   = 316.805 (bbl/d)
water rate = 191.629 (bbl/d)
pressure   = 44.8575 (psia)

------------------------------
END PIPE: 1
------------------------------

Minimum outlet pressure = 10 (psia)

------Rate Data-------
time            = 1 (days)
gas rate        = 64.3948 (mcf/d)
oil rate        = 316.805 (bbl/d)
water rate      = 191.629 (bbl/d)
inlet pressure  = 44.8413 (psia)

RUN # 33
CURRENT MODEL STATE:
###############################

------------------------------
RATE MATRIX:
------------------------------

time = 1 days
COMP	QO	QG	QW	P
----	--	--	--	-
WELL05	0	0	0	113.793
WELL06	316.848	64.3981	191.655	44.8403
#1	316.848	64.3981	191.655	44.8405

------------------------------
WELL: WELL05
------------------------------

------Controls-------
time       = 1
value      = 113.793
type       = BHP

------Gas Lift-------
time       = 1
value      = 10

------Routing-------
destination pipe = 1
value            = 1

------Rate Data-------
time       = 1 (days)
gas rate   = 0 (mcf/d)
oil rate   = 0 (bbl/d)
water rate = 0 (bbl/d)
pressure   = 113.793 (psia)

------------------------------
WELL: WELL06
------------------------------

------Controls-------
time       = 1
value      = 44.8403
type       = BHP

------Gas Lift-------
time       = 1
value      = 0

------Routing-------
destination pipe = 1
value            = 1

------Rate Data-------
time       = 1 (days)
gas rate   = 64.3981 (mcf/d)
oil rate   = 316.848 (bbl/d)
water rate = 191.655 (bbl/d)
pressure   = 44.8403 (psia)

------------------------------
END PIPE: 1
------------------------------

Minimum outlet pressure = 10 (psia)

------Rate Data-------
time            = 1 (days)
gas rate        = 64.3981 (mcf/d)
oil rate        = 316.848 (bbl/d)
water rate      = 191.655 (bbl/d)
inlet pressure  = 44.8405 (psia)

