----------------------------------------------------------------------
------------------------ ResOpt Summary File -------------------------
----------------------------------------------------------------------

MODEL DESCRIPTION:
Number of wells      = 3
Number of pipes      = 3
Number of separators = 0

OPTIMIZATION PROBLEM:
Number of contineous variables  = 13
Number of binary variables      = 0
Number of constraints           = 9

CONTINEOUS VARIABLES:
VAR_C1: Control variable for well: prod1, until time = 100, bounds: (1500 < 2300 < 4000)
VAR_C2: Control variable for well: prod1, until time = 300, bounds: (1500 < 2000 < 2100)
VAR_C3: Control variable for well: prod1, until time = 3650, bounds: (1500 < 2000 < 2100)
VAR_C4: Control variable for well: prod2, until time = 100, bounds: (1500 < 2300 < 4000)
VAR_C5: Control variable for well: prod2, until time = 300, bounds: (1500 < 2000 < 2100)
VAR_C6: Control variable for well: prod2, until time = 3650, bounds: (1500 < 2000 < 2100)
VAR_C7: Control variable for well: inj1, until time = 100, bounds: (0 < 5000 < 6000)
VAR_C8: Control variable for well: inj1, until time = 300, bounds: (0 < 5000 < 6000)
VAR_C9: Control variable for well: inj1, until time = 3650, bounds: (0 < 5000 < 6000)
VAR_C10: Water removal fraction for separator #1, bounds: (0.4 < 1 < 1)
VAR_C11: Water removal capacity for separator #1, bounds: (10000 < 100000 < 200000)
VAR_C12: Pressure variable for booster #2, bounds: (0 < 0 < 50)
VAR_C13: Capacity variable for booster #2, bounds: (10000 < 100000 < 200000)

BINARY VARIABLES:

INTEGER VARIABLES:
VAR_I1: Installation time variable for booster #2, bounds: (0 < 0 < 5)
VAR_I2: Installation time variable for well: inj1, bounds: (0 < 0 < 2)

CONSTRAINTS:
CON1: Bottomhole pressure constraint for well: prod1 for time = 100, bounds: (0 < c < 1)
CON2: Bottomhole pressure constraint for well: prod1 for time = 300, bounds: (0 < c < 1)
CON3: Bottomhole pressure constraint for well: prod1 for time = 3650, bounds: (0 < c < 1)
CON4: Bottomhole pressure constraint for well: prod2 for time = 100, bounds: (0 < c < 1)
CON5: Bottomhole pressure constraint for well: prod2 for time = 300, bounds: (0 < c < 1)
CON6: Bottomhole pressure constraint for well: prod2 for time = 3650, bounds: (0 < c < 1)
CON7: Capacity constraint for BOOSTER #2 for time = 100, bounds: (0 < c < 1)
CON8: Capacity constraint for BOOSTER #2 for time = 300, bounds: (0 < c < 1)
CON9: Capacity constraint for BOOSTER #2 for time = 3650, bounds: (0 < c < 1)

MODEL EVALUATIONS:
----------------------------------------------------------------------
#	FEAS	OBJ	VAR_C1	VAR_C2	VAR_C3	VAR_C4	VAR_C5	VAR_C6	VAR_C7	VAR_C8	VAR_C9	VAR_C10	VAR_C11	VAR_C12	VAR_C13	VAR_I1	VAR_I2	CON1	CON2	CON3	CON4	CON5	CON6	CON7	CON8	CON9	
