----------------------------------------------------------------------
------------------------ ResOpt Summary File -------------------------
----------------------------------------------------------------------

MODEL DESCRIPTION:
Number of wells      = 6
Number of pipes      = 7
Number of separators = 4

OPTIMIZATION PROBLEM:
Number of contineous variables  = 12
Number of binary variables      = 12
Number of constraints           = 21

CONTINEOUS VARIABLES:
VAR_C1: Control variable for well: SAT1, until time = 1000, bounds: (60 < 80 < 120)
VAR_C2: Gas lift variable for well: SAT1, until time = 1000, bounds: (20 < 100 < 240)
VAR_C3: Control variable for well: SAT2, until time = 1000, bounds: (60 < 80 < 120)
VAR_C4: Gas lift variable for well: SAT2, until time = 1000, bounds: (20 < 100 < 240)
VAR_C5: Control variable for well: MA1, until time = 1000, bounds: (60 < 80 < 120)
VAR_C6: Gas lift variable for well: MA1, until time = 1000, bounds: (20 < 100 < 240)
VAR_C7: Control variable for well: MA2, until time = 1000, bounds: (60 < 80 < 120)
VAR_C8: Gas lift variable for well: MA2, until time = 1000, bounds: (20 < 100 < 240)
VAR_C9: Control variable for well: MB1, until time = 1000, bounds: (60 < 80 < 120)
VAR_C10: Gas lift variable for well: MB1, until time = 1000, bounds: (20 < 100 < 240)
VAR_C11: Control variable for well: MB2, until time = 1000, bounds: (60 < 80 < 120)
VAR_C12: Gas lift variable for well: MB2, until time = 1000, bounds: (20 < 100 < 240)

BINARY VARIABLES:
VAR_B1: Routing variable for Pipe #4 to Pipe #1, bounds: (0 < 0 < 1)
VAR_B2: Routing variable for Pipe #4 to Pipe #2, bounds: (0 < 0 < 1)
VAR_B3: Routing variable for Pipe #4 to Pipe #3, bounds: (0 < 1 < 1)
VAR_B4: Routing variable for Pipe #5 to Pipe #1, bounds: (0 < 0 < 1)
VAR_B5: Routing variable for Pipe #5 to Pipe #2, bounds: (0 < 1 < 1)
VAR_B6: Routing variable for Pipe #5 to Pipe #3, bounds: (0 < 0 < 1)
VAR_B7: Routing variable for Pipe #6 to Pipe #1, bounds: (0 < 1 < 1)
VAR_B8: Routing variable for Pipe #6 to Pipe #2, bounds: (0 < 0 < 1)
VAR_B9: Routing variable for Pipe #6 to Pipe #3, bounds: (0 < 0 < 1)
VAR_B10: Routing variable for Pipe #7 to Pipe #1, bounds: (0 < 0 < 1)
VAR_B11: Routing variable for Pipe #7 to Pipe #2, bounds: (0 < 1 < 1)
VAR_B12: Routing variable for Pipe #7 to Pipe #3, bounds: (0 < 0 < 1)

INTEGER VARIABLES:

CONSTRAINTS:
CON1: Bottomhole pressure constraint for well: SAT1 for time = 1000, bounds: (0 < c < 1)
CON2: Bottomhole pressure constraint for well: SAT2 for time = 1000, bounds: (0 < c < 1)
CON3: Bottomhole pressure constraint for well: MA1 for time = 1000, bounds: (0 < c < 1)
CON4: Bottomhole pressure constraint for well: MA2 for time = 1000, bounds: (0 < c < 1)
CON5: Bottomhole pressure constraint for well: MB1 for time = 1000, bounds: (0 < c < 1)
CON6: Bottomhole pressure constraint for well: MB2 for time = 1000, bounds: (0 < c < 1)
CON7: Pipe routing constraint for well: SAT1, bounds: (0 < c < 1)
CON8: Pipe routing constraint for well: SAT2, bounds: (0 < c < 1)
CON9: Pipe routing constraint for well: MA1, bounds: (0 < c < 1)
CON10: Pipe routing constraint for well: MA2, bounds: (0 < c < 1)
CON11: Pipe routing constraint for well: MB1, bounds: (0 < c < 1)
CON12: Pipe routing constraint for well: MB2, bounds: (0 < c < 1)
CON13: Pipe routing constraint for Pipe #4, bounds: (0 < c < 1)
CON14: Pipe routing constraint for Pipe #5, bounds: (0 < c < 1)
CON15: Pipe routing constraint for Pipe #6, bounds: (0 < c < 1)
CON16: Pipe routing constraint for Pipe #7, bounds: (0 < c < 1)
CON17: Water production constraint for capacity: sep1cap for time = 1000, bounds: (-1 < c < 1)
CON18: Water production constraint for capacity: sep2cap for time = 1000, bounds: (-1 < c < 1)
CON19: Water production constraint for capacity: sep3cap for time = 1000, bounds: (-1 < c < 1)
CON20: Gas production constraint for capacity: totgascap for time = 1000, bounds: (-1 < c < 1)
CON21: User defined constraint: 0 < WELL_SAT1_L_0 + WELL_SAT2_L_0 + WELL_MA1_L_0 + WELL_MA2_L_0 + WELL_MB1_L_0 + WELL_MB2_L_0 < 100000, bounds: (0 < c < 100000)

MODEL EVALUATIONS:
----------------------------------------------------------------------
#	FEAS	OBJ	VAR_C1	VAR_C2	VAR_C3	VAR_C4	VAR_C5	VAR_C6	VAR_C7	VAR_C8	VAR_C9	VAR_C10	VAR_C11	VAR_C12	VAR_B1	VAR_B2	VAR_B3	VAR_B4	VAR_B5	VAR_B6	VAR_B7	VAR_B8	VAR_B9	VAR_B10	VAR_B11	VAR_B12	CON1	CON2	CON3	CON4	CON5	CON6	CON7	CON8	CON9	CON10	CON11	CON12	CON13	CON14	CON15	CON16	CON17	CON18	CON19	CON20	CON21	
1	no	0	80	100	80	100	80	100	80	100	80	100	80	100	0	0	1	0	1	0	1	0	0	0	1	0	0.875	0.875	-11.65*	-11.6875*	-11.625*	-11.6875*	1	1	1	1	1	1	1	1	1	1	0	0	0	0	600	
2	no	0	80	100	80	100	80	100	80	100	80	100	80	100	0	0	1	0	1	0	1	0	0	0	1	0	0.875	0.875	-11.65*	-11.6875*	-11.625*	-11.6875*	1	1	1	1	1	1	1	1	1	1	0	0	0	0	600	
3	no	0	80	100	80	100	80	100	80	100	80	100	80	100	0	0	1	0	1	0	1	0	0	0	1	0	0.875	0.875	-11.65*	-11.6875*	-11.625*	-11.6875*	1	1	1	1	1	1	1	1	1	1	0	0	0	0	600	
