----------------------------------------------------------------------
------------------------ ResOpt Summary File -------------------------
----------------------------------------------------------------------

MODEL DESCRIPTION:
Number of wells      = 2
Number of pipes      = 1
Number of separators = 0

OPTIMIZATION PROBLEM:
Number of contineous variables  = 3
Number of binary variables      = 0
Number of constraints           = 2

CONTINEOUS VARIABLES:
VAR_C1: Control variable for well: WELL05, until time = 1, bounds: (18.01 < 80 < 190)
VAR_C2: Gas lift variable for well: WELL05, until time = 1, bounds: (0 < 10 < 20)
VAR_C3: Control variable for well: WELL06, until time = 1, bounds: (18.01 < 80 < 190)

BINARY VARIABLES:

INTEGER VARIABLES:

CONSTRAINTS:
CON1: Bottomhole pressure constraint for well: WELL05 for time = 1, bounds: (0 < c < 1)
CON2: Bottomhole pressure constraint for well: WELL06 for time = 1, bounds: (0 < c < 1)

MODEL EVALUATIONS:
----------------------------------------------------------------------
#	FEAS	OBJ	VAR_C1	VAR_C2	VAR_C3	CON1	CON2	
1	yes	218	80	10	80	0.43002928	0.43002928	
2	yes	218	97.199	10	80	0.53088347	0.43002928	
3	yes	218	62.801	10	80	0.27393422	0.43002928	
4	yes	218	80	12	80	0.43002928	0.43002928	
5	yes	218	80	8	80	0.43002928	0.43002928	
6	yes	267.38914	80	10	62.801	0.4310716	0.27526199	
7	no	399.9615	80	10	18.01	0.4716052	-1.3471174*	
8	yes	314.95102	80	10	45.602	0.43905853	0.015935327	
9	no	340.82959	80	10	35.209	0.44531146	-0.26033352*	
10	no	359.94845	80	10	28.403	0.45101761	-0.54626594*	
11	no	399.9615	97.199	6	18.01	0.56510269	-1.3471174*	
12	yes	297.11312	62.801	14	52.408	0.28064212	0.13798668	
13	no	399.9615	45.602	12	18.01	0.073032233	-1.3471174*	
14	yes	297.11312	114.398	8	52.408	0.60509455	0.13798668	
15	no	340.82959	45.602	6	35.209	0.026904894	-0.26033352*	
16	no	399.9615	114.398	14	18.01	0.63048669	-1.3471174*	
17	no	359.94845	131.597	12	28.403	0.66626449	-0.54626594*	
18	no	267.38914	28.403	8	62.801	-0.60244594*	0.27526199	
19	yes	198.39872	80	10	86.806	0.43284432	0.477312	
20	no	340.82959	45.602	12	35.209	0.026904894	-0.26033352*	
21	no	359.94845	45.602	12	28.403	0.036915237	-0.54626594*	
22	yes	247.92398	80	10	69.607	0.42848439	0.34315157	
23	no	399.9615	80	16	18.01	0.4716052	-1.3471174*	
24	no	340.82959	80	14	35.209	0.44531146	-0.26033352*	
25	no	340.82959	80	6	35.209	0.44531146	-0.26033352*	
26	no	340.82959	114.398	10	35.209	0.61209914	-0.26033352*	
27	no	340.82959	45.602	10	35.209	0.026904894	-0.26033352*	
28	yes	218	80	4	80	0.43002928	0.43002928	
29	no	340.82959	114.398	8	35.209	0.61209914	-0.26033352*	
30	no	359.94845	114.398	6	28.403	0.61608952	-0.54626594*	
31	no	359.94845	114.398	8	28.403	0.61608952	-0.54626594*	
32	no	359.94845	97.199	12	28.403	0.54815799	-0.54626594*	
33	yes	267.38914	62.801	8	62.801	0.27526199	0.27526199	
34	no	340.82959	97.199	12	35.209	0.54346153	-0.26033352*	
35	no	359.94845	80	12	28.403	0.45101761	-0.54626594*	
36	yes	297.11312	80	10	52.408	0.43529507	0.13798668	
37	no	340.82959	80	12	35.209	0.44531146	-0.26033352*	
38	no	340.82959	97.199	10	35.209	0.54346153	-0.26033352*	
39	no	340.82959	80	8	35.209	0.44531146	-0.26033352*	
40	no	340.82959	62.801	10	35.209	0.29340165	-0.26033352*	
41	no	336.36378	84.29975	10	37.0025	0.47253056	-0.2016902*	
42	no	336.36378	71.4005	10.5	37.0025	0.37723767	-0.2016902*	
43	no	325.6574	75.70025	9.5	41.30225	0.40984197	-0.081662866*	
44	no	319.41683	80	10	43.8085	0.44008912	-0.022469858*	
45	no	340.82959	80	9	35.209	0.44531146	-0.26033352*	
46	no	340.82959	71.4005	10	35.209	0.37850459	-0.26033352*	
47	no	340.82959	88.5995	10	35.209	0.49914974	-0.26033352*	
48	no	340.82959	80	11	35.209	0.44531146	-0.26033352*	
49	yes	304.24464	84.29975	10.5	49.90175	0.46539193	0.09687883	
50	no	366.85343	80	10	26.6095	0.45367333	-0.64250113*	
51	no	359.94845	62.801	8	28.403	0.30067051	-0.54626594*	
52	no	336.36378	80	9	37.0025	0.44418073	-0.2016902*	
53	no	336.36378	84.29975	9	37.0025	0.47253056	-0.2016902*	
54	no	325.6574	67.10075	9.5	41.30225	0.33420848	-0.081662866*	
55	no	347.07015	75.70025	9.5	32.70275	0.41551781	-0.35295802*	
56	no	325.6574	75.70025	8.5	41.30225	0.40984197	-0.081662866*	
57	no	325.6574	75.70025	10.5	41.30225	0.40984197	-0.081662866*	
58	no	325.6574	84.29975	9.5	41.30225	0.47004457	-0.081662866*	
59	yes	304.24464	75.70025	9.5	49.90175	0.40466079	0.09687883	
60	no	325.6574	74.625313	9.375	41.30225	0.40134106	-0.081662866*	
61	no	325.6574	80	9.625	41.30225	0.44156112	-0.081662866*	
62	no	325.6574	78.925062	10.125	41.30225	0.43395534	-0.081662866*	
63	no	325.6574	71.4005	9.5	41.30225	0.37430256	-0.081662866*	
64	yes	314.95102	75.70025	9.5	45.602	0.40719724	0.015935327	
65	no	336.36378	75.70025	9.5	37.0025	0.41261037	-0.2016902*	
66	no	317.62761	83.224812	10.125	44.527063	0.46138564	-0.0067153977*	
67	no	325.6574	75.70025	10	41.30225	0.40984197	-0.081662866*	
68	no	325.6574	80	9.5	41.30225	0.44156112	-0.081662866*	
69	no	325.6574	75.70025	9	41.30225	0.40984197	-0.081662866*	
70	yes	312.27443	76.775188	9.875	46.676938	0.41486248	0.037553767	
71	no	325.6574	74.625313	9.5	41.30225	0.40134106	-0.081662866*	
72	no	330.12321	75.70025	10.5	39.50875	0.4109808	-0.12858292*	
73	no	319.41683	80	10.5	43.8085	0.44008912	-0.022469858*	
74	no	319.41683	84.29975	10	43.8085	0.46864764	-0.022469858*	
75	no	319.41683	75.70025	10	43.8085	0.40828636	-0.022469858*	
76	no	319.41683	80	9.5	43.8085	0.44008912	-0.022469858*	
77	yes	308.71046	80	10	48.10825	0.43764802	0.06485565	
78	no	330.12321	80	10	39.50875	0.44263875	-0.12858292*	
79	no	322.76258	77.850125	9.75	42.464828	0.42543294	-0.053345072*	
80	no	320.30421	82.149875	9.75	43.452125	0.45494365	-0.0304746*	
81	no	320.30421	82.149875	10.09375	43.452125	0.45494365	-0.0304746*	
82	yes	316.74024	79.462531	10.125	44.883437	0.43567792	0.00091294974	
83	yes	308.71046	77.850125	10.5	48.10825	0.42211836	0.06485565	
84	no	327.44662	75.70025	10.5	40.583688	0.4102956	-0.099968322*	
85	no	327.44662	74.087844	9.75	40.583687	0.3974616	-0.099968322*	
86	no	327.44662	75.162781	9.75	40.583687	0.40607878	-0.099968322*	
87	no	319.41683	77.850125	10	43.8085	0.42462686	-0.022469858*	
88	no	319.41683	80	9.75	43.8085	0.44008912	-0.022469858*	
89	no	319.41683	80	10.25	43.8085	0.44008912	-0.022469858*	
90	yes	314.06365	80	10	45.958375	0.43885591	0.023213351	
91	yes	311.38705	82.687344	10.125	47.033313	0.45650586	0.044505175	
92	no	319.41683	82.149875	10	43.8085	0.45474207	-0.022469858*	
93	no	322.09343	76.237719	10.125	42.733562	0.41311547	-0.047016327*	
94	no	324.77002	80	10	41.658625	0.44134945	-0.072816101*	
95	no	322.76258	79.731266	9.84375	42.464828	0.438989	-0.053345072*	
96	yes	315.40194	78.118859	10.28125	45.420906	0.42565651	0.012193673	
97	yes	316.74024	81.074938	9.9375	44.883437	0.44690107	0.00091294974	
98	no	318.07854	78.925062	9.875	44.345969	0.43214828	-0.010638259*	
99	no	320.75513	81.074938	10.125	43.271031	0.44782106	-0.034592241*	
100	no	322.09343	78.925062	10.0625	42.733563	0.43309848	-0.047016327*	
101	no	318.07854	80.806203	9.96875	44.345969	0.44536767	-0.010638259*	
102	no	322.09343	80.537469	9.875	42.733563	0.44444818	-0.047016327*	
103	no	322.09343	84.837219	9.5	42.733562	0.47260485	-0.047016327*	
104	no	322.76258	79.193797	9.875	42.464828	0.43518155	-0.053345072*	
105	no	321.42428	80.537469	10.09375	43.002297	0.44429191	-0.040765867*	
106	no	322.76258	79.462531	10.03125	42.464828	0.43709171	-0.053345072*	
107	no	319.41684	81.881141	10.09375	43.8085	0.45295253	-0.022469858*	
108	no	320.75513	81.343672	9.84375	43.271031	0.44964529	-0.034592241*	
109	yes	315.40194	81.881141	9.90625	45.420906	0.45204649	0.012193673	
110	no	320.75513	79.731266	10.03125	43.271031	0.43851546	-0.034592241*	
111	yes	315.40194	80.268734	10.09375	45.420906	0.44103942	0.012193673	
112	yes	316.74024	79.731266	9.84375	44.883437	0.43757997	0.00091294974	
113	no	320.58785	79.731266	10.023438	43.338215	0.43847617	-0.033060672*	
114	no	320.58785	79.865633	10	43.338215	0.43942089	-0.033060672*	
115	no	320.08598	79.462531	10.078125	43.539766	0.43645907	-0.028494031*	
116	no	318.07854	81.67959	9.96875	44.345969	0.45129826	-0.010638259*	
117	yes	315.23466	79.596898	10.023438	45.48809	0.43628301	0.01358522	
118	no	320.08598	80.806203	10.007812	43.539766	0.44582981	-0.028494031*	
119	no	318.91497	80.806203	9.875	44.010051	0.44555977	-0.017999501*	
120	no	318.07854	79.932816	9.96875	44.345969	0.43930747	-0.010638259*	
121	no	317.2421	80.806203	10.0625	44.681887	0.44517621	-0.0033865346*	
122	yes	316.07109	80.806203	9.9296875	45.152172	0.44490925	0.0065865216	
123	no	318.24582	79.328164	10.226562	44.278785	0.43507287	-0.012101667*	
124	yes	314.06365	75.70025	9.5	45.958375	0.40698311	0.023213351	
125	no	320.08598	80.268734	9.84375	43.539766	0.44211916	-0.028494031*	
126	no	319.75141	80.268734	10.03125	43.674133	0.44204136	-0.025472775*	
127	no	318.07854	78.051676	9.875	44.345969	0.4257941	-0.010638259*	
128	yes	316.07109	78.925062	9.8359375	45.152172	0.43167893	0.0065865216	
129	no	317.2421	78.925062	9.96875	44.681887	0.43195226	-0.0033865346*	
130	no	318.91497	78.925062	9.78125	44.010051	0.43234496	-0.017999501*	
131	no	320.08598	78.925062	9.9140625	43.539766	0.43262143	-0.028494031*	
132	no	318.07854	79.798449	9.875	44.345969	0.43836336	-0.010638259*	
133	no	325.6574	92.89925	10.5	41.30225	0.5191015	-0.081662866*	
134	no	320.08598	78.656328	10.179688	43.539766	0.43068295	-0.028494031*	
135	no	319.46777	83.493547	9.984375	43.788043	0.46352834	-0.022925867*	
136	no	319.46777	81.881141	10.015625	43.788043	0.45296412	-0.022925867*	
137	no	320.08598	79.193797	10.171875	43.539766	0.43454676	-0.028494031*	
138	no	317.62761	84.098199	10.125	44.527063	0.46697932	-0.0067153977*	
139	no	319.63506	83.224812	10.164062	43.720859	0.46183353	-0.024426431*	
140	no	318.46405	83.224812	10.03125	44.191145	0.46157182	-0.014017291*	
141	yes	316.79118	83.224812	10.21875	44.86298	0.46120008	0.00047830278	
142	yes	314.28187	83.224812	10.5	45.870734	0.46064708	0.021433894	
143	no	320.97336	80.268734	9.84375	43.183391	0.44232603	-0.036597251*	
144	no	321.47522	80.537469	10.3125	42.98184	0.44430379	-0.041238955*	
145	no	317.62761	85.374687	10.125	44.527063	0.47494883	-0.0067153977*	
146	yes	313.44544	81.881141	10.3125	46.206652	0.45161014	0.028218127	
147	no	322.9808	83.224812	10.125	42.377188	0.46258823	-0.055426202*	
148	no	317.62761	83.224812	10.375	44.527063	0.46138564	-0.0067153977*	
149	no	317.62761	83.224812	9.875	44.527063	0.46138564	-0.0067153977*	
150	yes	312.27443	83.224812	10.125	46.676938	0.46020854	0.037553767	
151	no	320.13692	84.568484	10.125	43.519309	0.47049497	-0.028955628*	
152	no	317.62761	81.074938	10.125	44.527063	0.44710313	-0.0067153977*	
153	no	320.30421	83.762281	10.140625	43.452125	0.46543587	-0.0304746*	
154	no	320.30421	83.493547	10.148438	43.452125	0.46371531	-0.0304746*	
155	no	318.63134	84.29975	10.273438	44.123961	0.46847435	-0.01549087*	
156	yes	315.62017	83.224812	10.085938	45.333266	0.46094133	0.010372275	
157	yes	315.28559	83.35918	10.117188	45.467633	0.46173665	0.013161933	
158	no	318.29676	83.090445	10.320312	44.258328	0.46066377	-0.012548139*	
159	no	317.62761	82.351426	10.125	44.527063	0.4556733	-0.0067153977*	
160	no	319.04956	82.687344	10.164062	43.956002	0.45820358	-0.019194313*	
161	no	317.7949	83.812669	10.228516	44.459879	0.46520037	-0.0081670429*	
162	no	317.71126	83.342384	10.128906	44.493471	0.46216402	-0.0074406782*	
163	no	318.46405	83.594322	10.117188	44.191145	0.46395182	-0.014017291*	
164	yes	315.62017	83.426363	10.236328	45.333266	0.46224365	0.010372275	
165	yes	316.79118	83.56073	10.144531	44.86298	0.46336608	0.00047830278	
166	no	317.2094	83.291996	10.070312	44.695021	0.4617273	-0.003105175*	
167	no	318.04583	83.157629	10.179688	44.359104	0.46104357	-0.010352668*	
168	no	318.46405	82.888895	10.105469	44.191145	0.45938977	-0.014017291*	
169	no	317.96219	83.023262	10.201172	44.392695	0.46015265	-0.0096230351*	
170	yes	316.79118	82.855303	10.132812	44.86298	0.45879719	0.00047830278	
171	yes	314.73279	80.806203	10.34375	45.689641	0.44460565	0.01773557	
172	no	318.12948	82.838507	10.158203	44.325512	0.45898604	-0.011083394*	
173	no	318.53858	80.990958	9.984375	44.161214	0.44673822	-0.014673231*	
174	yes	316.82388	80.873387	10.007812	44.849846	0.44554171	0.00019902393	
175	yes	315.56923	81.074937	9.84375	45.353723	0.44663552	0.010798048	
176	no	319.66777	82.015508	9.8984375	43.707725	0.45390579	-0.024720333*	
177	no	319.9187	81.813957	9.953125	43.606949	0.45261769	-0.0269811*	
178	yes	315.73652	80.403102	10.078125	45.286539	0.44204986	0.0093983264	
179	yes	316.23838	81.276488	10.015625	45.084988	0.44815898	0.0051744017	
180	no	317.57668	80.403102	9.9921875	44.54752	0.44247149	-0.0062742402*	
181	no	316.90753	81.209305	10.132812	44.816254	0.44785419	-0.00051596068*	
182	yes	316.6566	80.94057	10.125	44.917029	0.44596385	0.0016258191	
183	no	316.99117	80.806203	9.890625	44.782662	0.4451189	-0.0012320065*	
184	no	318.24582	80.335918	10.109375	44.278785	0.44215945	-0.012101667*	
185	no	318.74769	81.209305	10.046875	44.077234	0.44827359	-0.016518372*	
186	yes	314.73279	78.925062	10.25	45.689641	0.43136809	0.01773557	
187	no	319.33319	82.015508	9.8984375	43.842092	0.45382977	-0.021721974*	
188	no	319.58412	79.664082	9.859375	43.741316	0.43776728	-0.023969034*	
189	yes	314.64915	81.410855	9.984375	45.723232	0.44871188	0.018423776	
190	yes	315.23466	78.521961	9.9375	45.48809	0.42856592	0.01358522	
191	yes	316.23838	79.193797	10.0625	45.084988	0.43364629	0.0051744017	
192	yes	316.57295	79.731266	9.921875	44.950621	0.43754131	0.0023376344	
193	no	317.91125	78.118859	10.015625	44.413152	0.42624827	-0.0091792321*	
194	no	318.24582	78.656328	9.875	44.278785	0.43024759	-0.012101667*	
195	no	319.24955	79.328164	10	43.875684	0.43530792	-0.020975224*	
196	no	318.99862	80.335918	10.03125	43.976459	0.44233345	-0.018741745*	
197	no	318.41311	79.462531	10.007812	44.211602	0.43606717	-0.013569475*	
198	no	318.24582	81.007754	10.035156	44.278785	0.44678589	-0.012101667*	
199	no	317.66032	78.874675	9.953125	44.513928	0.43168736	-0.0069988615*	
200	yes	315.65287	81.074938	10.025391	45.320131	0.44665444	0.0100987	
201	yes	316.82388	78.992246	9.9140625	44.849846	0.43233771	0.00019902393	
202	no	318.07854	79.294572	9.9609375	44.345969	0.43479445	-0.010638259*	
203	no	317.99489	80.671836	9.9902344	44.379561	0.44442467	-0.0099081994*	
204	yes	316.40567	79.26098	9.9882812	45.017805	0.43416518	0.0037581122	
205	yes	316.40567	78.555553	9.9765625	45.017805	0.42908399	0.0037581122	
206	no	318.07854	78.589145	9.9492188	44.345969	0.42972108	-0.010638259*	
207	no	317.66032	78.857879	10.023438	44.513928	0.43156632	-0.0069988615*	
208	no	317.91125	78.782297	9.9414062	44.413152	0.43107992	-0.0091792321*	
209	no	317.91125	78.782297	9.9516602	44.413152	0.43107992	-0.0091792321*	
210	no	317.47212	81.058142	10.010742	44.589509	0.4469531	-0.0053699826*	
211	yes	316.82388	78.954455	9.9492188	44.849846	0.432066	0.00019902393	
212	no	316.90753	78.757104	9.980957	44.816254	0.43066244	-0.00051596068*	
213	no	316.98072	79.093021	9.984375	44.786861	0.43309755	-0.0011424426*	
214	yes	316.48931	80.680234	9.9931641	44.984213	0.44413791	0.003048398	
215	no	317.15846	81.06654	10.022461	44.715479	0.44693892	-0.002667291*	
216	no	317.50349	78.757104	9.953125	44.576912	0.43080214	-0.0056410829*	
217	no	317.57668	79.093021	9.956543	44.54752	0.43323671	-0.0062742402*	
218	no	317.66032	78.89567	9.9882812	44.513928	0.43183859	-0.0069988615*	
219	yes	315.95474	83.493547	9.90625	45.198898	0.46274993	0.0075662102	
220	no	317.47212	80.642443	9.9921875	44.589509	0.44410223	-0.0053699826*	
221	no	316.90753	80.974162	10.038574	44.816254	0.4462508	-0.00051596068*	
222	no	317.66944	83.040058	10.107422	44.510267	0.46019659	-0.0070779025*	
223	yes	316.79118	83.321389	10.050781	44.86298	0.46182459	0.00047830278	
224	no	316.94801	83.459955	10.085938	44.799996	0.46275276	-0.00086238623*	
225	no	316.87482	83.124037	10.08252	44.829389	0.46056542	-0.00023626755*	
226	no	317.54397	83.459955	10.058105	44.560654	0.46288461	-0.0059911991*	
227	no	317.47078	83.124037	10.054688	44.590047	0.46069777	-0.0053584109*	
228	no	317.62761	83.262603	10.089844	44.527063	0.4616301	-0.0067153977*	
229	no	317.49303	80.604652	9.5390625	44.581111	0.4438464	-0.0055506993*	
230	no	317.46167	80.835596	10.037109	44.593708	0.44542813	-0.0052796495*	
231	no	317.47212	80.835596	10.036621	44.589509	0.44543052	-0.0053699826*	
232	no	317.25256	80.638244	9.875	44.677688	0.44402298	-0.0034765153*	
233	no	317.40939	80.77681	9.9101562	44.614703	0.44501258	-0.0048282363*	
234	yes	316.6566	80.638244	9.902832	44.917029	0.44388667	0.0016258191	
235	no	317.32575	80.974162	9.878418	44.648295	0.44634612	-0.0041068489*	
236	yes	316.57295	80.835596	9.8710938	44.950621	0.44522531	0.0023376344	
237	yes	316.72979	80.974162	9.90625	44.887636	0.44621034	0.0010021161	
238	no	317.22642	80.929023	10.0177	44.688185	0.44601465	-0.0032515949*	
239	no	317.05913	80.890183	9.8808594	44.755369	0.44571048	-0.0018145767*	
240	no	316.99117	80.806203	9.875	44.782662	0.4451189	-0.0012320065*	
241	no	316.99117	80.671836	9.890625	44.782662	0.44419469	-0.0012320065*	
242	no	317.32575	80.806203	9.890625	44.648295	0.44519533	-0.0041068489*	
243	yes	316.81081	80.962615	10.019409	44.855094	0.4461498	0.00031064457	
244	yes	316.83695	80.784159	9.9962158	44.844597	0.44493228	8.7377436e-05	
245	no	316.87616	80.516474	9.9614258	44.828851	0.44309588	-0.00024771722*	
246	no	317.47474	80.620398	9.9625244	44.58846	0.44395083	-0.0053925685*	
247	no	317.37802	78.97545	9.9619141	44.6273	0.43234647	-0.0045575901*	
248	no	317.30483	80.680234	9.8706055	44.656693	0.44432431	-0.0039266698*	
249	yes	316.58602	80.674985	10.022095	44.945372	0.44412382	0.0022264827	
250	no	317.51394	80.843994	9.9052734	44.572713	0.44549769	-0.0057314833*	
251	no	316.89707	80.596254	9.9052734	44.820453	0.44365194	-0.00042652962*	
252	yes	316.4684	80.768412	9.8759766	44.992611	0.44474001	0.0032259248	
253	no	317.08527	81.016152	9.8759766	44.744871	0.44657828	-0.0020388293*	
254	no	317.08788	80.893332	9.9703369	44.743822	0.44573861	-0.0020612603*	
255	yes	316.67751	80.932172	9.9106445	44.908631	0.44591112	0.0014477007	
256	yes	316.16385	83.963832	10.132812	45.114919	0.46580486	0.0058040229	
257	no	317.47474	81.057092	9.9625244	44.58846	0.44694653	-0.0053925685*	
258	no	317.18849	83.271001	10.074219	44.703419	0.46158695	-0.0029253684*	
259	no	317.18849	83.271001	10.07959	44.703419	0.46158695	-0.0029253684*	
260	no	317.29699	80.628796	9.9630127	44.659842	0.44396801	-0.0038591199*	
261	yes	316.72845	83.661506	10.082031	44.888174	0.46399867	0.0010135362	
262	no	317.12971	80.603603	9.9776611	44.727026	0.4437559	-0.0024202979*	
263	no	317.03165	83.510343	10.11084	44.766404	0.46309539	-0.0015789464*	
264	yes	316.44615	83.380175	10.091797	45.001547	0.4621278	0.0034147493	
265	no	317.44987	83.539736	10.080078	44.598445	0.46337674	-0.0051777659*	
266	no	316.86437	83.409567	10.061035	44.833588	0.46240971	-0.00014688832*	
267	yes	316.5442	80.964714	10.014771	44.962168	0.44610349	0.0025820779	
268	no	317.16757	83.258404	10.089844	44.711817	0.46150086	-0.0027456287*	
269	yes	315.9038	78.253227	10.017578	45.219355	0.42676038	0.0079944904	
270	no	317.47474	80.750567	9.9625244	44.58846	0.44484717	-0.0053925685*	
271	no	317.38848	79.034236	9.9619141	44.623101	0.43277114	-0.0046477887*	
272	no	317.47474	80.683383	9.9664307	44.58846	0.4443849	-0.0053925685*	
273	no	316.87878	80.57421	9.9864502	44.827801	0.44349553	-0.00027006515*	
274	yes	316.2802	78.706716	9.9731445	45.068192	0.43015115	0.0048207209	
275	yes	316.62784	80.700179	10.018677	44.928576	0.44430691	0.0018706244	
276	no	317.35973	80.767363	10.005981	44.634648	0.4449363	-0.004399783*	
277	yes	316.31418	80.800954	9.9864502	45.054546	0.44492851	0.0045331632	
278	no	317.04606	80.868138	9.9737549	44.760617	0.44555639	-0.0017024893*	
279	no	317.53485	78.807491	9.9887695	44.564315	0.43117343	-0.0059123348*	
280	yes	316.79513	80.994107	10.005981	44.861393	0.44636158	0.00044455523	
281	yes	316.61478	79.966408	9.9492188	44.933825	0.43920486	0.0019818584	
282	no	317.47474	80.838745	9.9639893	44.58846	0.44545272	-0.0053925685*	
283	no	317.03299	80.65504	9.8745117	44.765866	0.44408851	-0.001590428*	
284	no	317.46428	80.729572	9.9649658	44.592659	0.4447004	-0.0053022311*	
285	yes	316.79252	80.445091	9.9301758	44.862443	0.44258255	0.00046687006	
286	no	317.08788	80.851342	9.9727783	44.743822	0.44545076	-0.0020612603*	
287	yes	316.66967	80.582608	9.9844971	44.911781	0.4435057	0.0015145028	
288	no	317.33881	80.683383	10.004028	44.643046	0.44435377	-0.0042194949*	
289	yes	316.58602	80.716975	10.019653	44.945372	0.444413	0.0022264827	
290	yes	316.33509	80.884934	9.9884033	45.046148	0.44550957	0.004356119	
291	no	317.00424	80.985709	10.007935	44.777413	0.44635178	-0.0013439846*	
292	no	317.00163	80.747417	9.8803711	44.778463	0.44471733	-0.0013215869*	
293	no	317.25256	80.744268	9.9162598	44.677688	0.44475303	-0.0034765153*	
294	no	317.20289	80.646642	9.9162598	44.697633	0.44406951	-0.003049256*	
295	no	317.1846	80.889133	9.979248	44.704981	0.44573191	-0.0028919398*	
296	yes	316.83695	80.649791	9.9962158	44.844597	0.44400751	8.7377436e-05	
297	no	316.91014	80.507026	9.8936768	44.815204	0.44303831	-0.00053832103*	
298	no	317.17153	80.784159	9.9962158	44.71023	0.44500868	-0.0027796023*	
299	yes	316.83695	80.784159	9.9805908	44.844597	0.44493228	8.7377436e-05	
300	yes	316.50238	80.784159	9.9962158	44.978964	0.44485598	0.0029374104	
301	yes	316.83695	80.784159	10.011841	44.844597	0.44493228	8.7377436e-05	
302	no	316.884	80.685483	9.9168701	44.825702	0.4442642	-0.0003147641*	
303	yes	316.83695	80.918526	9.9962158	44.844597	0.44585398	8.7377436e-05	
304	yes	316.8448	80.953167	9.9516602	44.841448	0.4460929	2.037713e-05	
305	yes	316.68796	82.023906	10.09082	44.904432	0.45328835	0.0013586167	
306	no	317.57668	80.600453	9.9814453	44.54752	0.44383661	-0.0062742402*	
307	no	317.57406	80.681284	9.9520264	44.548569	0.4443932	-0.0062516132*	
308	no	317.42769	80.710676	9.9515381	44.607355	0.44456202	-0.0049861831*	
309	no	317.26301	80.751616	9.9506836	44.673489	0.44480595	-0.0035665127*	
310	yes	316.67751	80.751616	9.9633789	44.908631	0.44467221	0.0014477007	
311	yes	316.3926	80.828248	9.9300537	45.023053	0.44513379	0.0038689103	
312	yes	316.59386	80.885984	9.9282227	44.942223	0.44557566	0.0021597793	
313	no	317.34666	80.852392	9.9438477	44.639897	0.44551705	-0.004287095*	
314	yes	316.34293	81.053943	9.9594727	45.042999	0.44666754	0.0042897105	
315	no	317.09573	81.020351	9.9750977	44.740672	0.44660934	-0.0021285596*	
316	no	317.37541	80.542717	9.9036865	44.62835	0.44339175	-0.0045350431*	
317	no	317.01208	81.154718	9.9399414	44.774264	0.44750657	-0.001411184*	
318	no	317.23426	80.664488	9.9199219	44.685036	0.44419968	-0.0033190601*	
319	no	317.19244	81.043445	9.9595947	44.701832	0.44678906	-0.0029593547*	
320	no	317.15584	81.040296	9.9625244	44.716528	0.44675923	-0.0026448319*	
321	no	317.12709	80.661339	9.9195557	44.728075	0.44415345	-0.0023978502*	
322	no	317.17937	80.953167	9.9516602	44.707081	0.44616915	-0.0028470017*	
323	no	316.87093	80.774711	9.9284668	44.83095	0.44487511	-0.00020302448*	
324	yes	316.8448	80.8188	9.9516602	44.841448	0.44517199	2.037713e-05	
325	yes	316.8448	80.953167	9.9360352	44.841448	0.4460929	2.037713e-05	
326	yes	316.51022	80.953167	9.9516602	44.975815	0.44601676	0.0028708056	
327	yes	316.8448	80.953167	9.9672852	44.841448	0.4460929	2.037713e-05	
328	yes	316.8448	81.087534	9.9516602	44.841448	0.44701076	2.037713e-05	
329	no	317.00424	79.944364	9.9571533	44.777413	0.43914003	-0.0013439846*	
330	no	317.19244	80.933222	9.9570312	44.701832	0.44603564	-0.0029593547*	
331	no	317.1846	80.757915	9.973999	44.704981	0.44483132	-0.0028919398*	
332	no	316.89184	80.484982	9.9748535	44.822552	0.44288157	-0.00038182031*	
333	no	316.86571	80.663438	9.9980469	44.83305	0.44410814	-0.00015833588*	
334	no	317.03299	79.445735	9.8222656	44.765866	0.43562656	-0.001590428*	
335	no	317.27347	80.665537	9.9487305	44.66929	0.44421589	-0.0036565268*	
336	no	317.19244	81.010903	9.9671631	44.701832	0.44656684	-0.0029593547*	
337	no	317.19244	81.011953	9.9672852	44.701832	0.44657401	-0.0029593547*	
338	no	317.10357	80.699129	9.9522705	44.737523	0.44440837	-0.0021958682*	
339	no	316.88923	80.427246	9.9498291	44.823602	0.44248104	-0.0003594672*	
340	no	316.86309	80.605702	9.9730225	44.8341	0.44370937	-0.00013599313*	
341	yes	315.8711	82.62016	10.119141	45.23249	0.457052	0.0082692725	
342	no	317.21462	83.31614	10.065552	44.692922	0.46188445	-0.0031501371*	
343	no	317.21462	83.31509	10.065796	44.692922	0.46187767	-0.0031501371*	
344	no	317.19244	81.041346	9.9622803	44.701832	0.44677473	-0.0029593547*	
345	no	317.17153	81.031898	9.9659424	44.71023	0.44670546	-0.0027796023*	
346	no	316.88789	83.034809	10.070923	44.82414	0.45998865	-0.00034801487*	
347	no	316.86175	83.213265	10.094116	44.834637	0.46114095	-0.0001245461*	
348	yes	316.83173	81.042395	9.9632568	44.846696	0.44669978	0.00013203913	
349	no	317.23426	80.743219	9.9169922	44.685036	0.44474163	-0.0033190601*	
350	no	317.19244	81.041346	9.9570312	44.701832	0.44677473	-0.0029593547*	
351	no	317.16891	81.036097	9.9674072	44.71128	0.44673354	-0.002757138*	
352	no	317.23165	80.731671	9.9450684	44.686086	0.44466161	-0.0032965706*	
353	yes	316.85786	80.863939	9.9400635	44.836199	0.44548468	-9.1310739e-05	
354	yes	316.8265	80.931123	10.032837	44.848796	0.44593786	0.0001766967	
355	no	317.19244	80.903829	9.9556885	44.701832	0.44583438	-0.0029593547*	
356	no	317.18198	80.596254	10.009155	44.706031	0.44371716	-0.0028694702*	
357	yes	316.85264	80.752666	10.009644	44.838299	0.44471939	-4.6632487e-05	
358	yes	316.61344	83.258404	9.9863281	44.934363	0.46137813	0.0019932552	
359	no	317.19244	81.041346	9.9648438	44.701832	0.44677473	-0.0029593547*	
360	no	317.19244	81.040296	9.96521	44.701832	0.44676756	-0.0029593547*	
361	no	316.92449	83.35918	10.061035	44.809444	0.46209806	-0.00066104517*	
362	no	316.87744	83.320339	10.049438	44.828339	0.4618369	-0.00025861494*	
363	yes	316.8513	83.498796	10.072632	44.838836	0.46298131	-3.5187582e-05	
364	no	317.19244	81.041346	9.9609375	44.701832	0.44677473	-0.0029593547*	
365	no	317.19244	81.02455	9.9666748	44.701832	0.44666005	-0.0029593547*	
366	no	317.1846	80.581558	9.9890137	44.704981	0.4436163	-0.0028919398*	
367	yes	316.85002	80.69493	9.9846191	44.839348	0.4443215	-2.4294914e-05	
368	yes	316.82254	83.48095	10.128906	44.850384	0.46286016	0.000210463	
369	no	317.19244	80.813551	9.9595947	44.701832	0.44521532	-0.0029593547*	
370	no	317.0212	83.296195	10.072632	44.770603	0.46171274	-0.0014893182*	
371	no	317.01858	83.141883	10.072754	44.771653	0.46071309	-0.0014669138*	
372	no	317.19244	81.019301	9.967041	44.701832	0.4466242	-0.0029593547*	
373	yes	316.84868	83.302494	10.105713	44.839886	0.46171524	-1.2850539e-05	
374	yes	316.81866	81.131624	9.9748535	44.851945	0.44730533	0.00024367528	
375	no	317.19244	81.041346	9.9675293	44.701832	0.44677473	-0.0029593547*	
376	no	317.19244	80.73692	9.9251709	44.701832	0.44468874	-0.0029593547*	
377	no	317.0428	80.790982	9.9480591	44.76193	0.44502615	-0.0016744716*	
378	no	317.01208	80.885984	9.9592896	44.774264	0.44567097	-0.001411184*	
379	no	316.95066	80.792556	9.9391785	44.798933	0.44501593	-0.00088503912*	
380	no	317.00293	80.95343	9.9523315	44.777938	0.44613072	-0.0013327856*	
381	no	316.85917	80.947394	9.9443054	44.835674	0.44605667	-0.00010248095*	
382	yes	316.84414	80.889658	9.9523315	44.84171	0.44565786	2.5960844e-05	
383	yes	316.7422	80.912227	9.9395142	44.88265	0.44578926	0.0008962292	
384	yes	316.68666	80.952905	9.9509888	44.904957	0.4460551	0.0013697531	
385	yes	316.83042	80.958941	9.9590149	44.847221	0.44612913	0.00014320391	
386	no	316.97353	80.815651	9.9406128	44.789748	0.44517974	-0.0010808771*	
387	yes	316.84545	81.016677	9.9509888	44.841185	0.44652726	1.4793351e-05	
388	yes	316.84741	81.207205	9.9489746	44.840398	0.44782626	-1.9583746e-06	
389	no	317.19048	80.933747	9.9569702	44.702619	0.44603879	-0.0029425001*	
390	no	317.18198	80.889133	10.008911	44.706031	0.44573131	-0.0028694702*	
391	no	316.88727	81.134248	9.9492798	44.824389	0.4473388	-0.00034270306*	
392	no	317.1382	81.00198	9.9529419	44.723614	0.44649351	-0.00249326*	
393	no	317.0147	80.98151	9.9388428	44.773214	0.44632546	-0.0014335858*	
394	yes	316.80885	81.033473	9.9646606	44.855882	0.44663366	0.00032738544	
395	yes	316.5527	81.031373	9.9490356	44.958757	0.44656108	0.0025098689	
396	no	316.88204	80.999881	9.9373169	44.826489	0.44642082	-0.00029800151*	
397	yes	316.70103	80.746368	9.9412842	44.899184	0.44464148	0.0012472386	
398	yes	316.80363	80.899105	9.9526978	44.857981	0.44571336	0.00037202491	
399	no	317.02515	80.817488	10.002686	44.769015	0.44520414	-0.0015232037*	
400	no	317.02254	81.047382	9.9584656	44.770065	0.44677724	-0.0015007977*	
401	no	317.02254	81.060241	9.943512	44.770065	0.44686501	-0.0015007977*	
402	yes	316.8461	81.080186	9.9503174	44.840923	0.44696094	9.2095069e-06	
403	yes	316.84806	81.270715	9.9483032	44.840136	0.44825791	-7.5424123e-06	
404	no	317.19113	80.927973	9.9588623	44.702357	0.44599942	-0.0029481183*	
405	no	317.18329	80.927973	9.9433594	44.705506	0.44599763	-0.0028807048*	
406	no	316.92449	83.35918	10.067871	44.809444	0.46209806	-0.00066104517*	
407	yes	316.81474	81.193559	9.9559326	44.85352	0.44772604	0.00027716109	
408	yes	316.79905	81.126375	9.9371338	44.859818	0.44726512	0.00041108105	
409	no	317.14931	81.099082	9.9488525	44.719153	0.44715876	-0.0025886886*	
410	no	316.89315	81.033997	9.963501	44.822027	0.44665642	-0.00039299725*	
411	no	316.87747	80.966814	9.9447021	44.828326	0.4461937	-0.00025889106*	
412	yes	316.69058	80.760014	9.9960938	44.903383	0.44473293	0.0013363432	
413	no	317.0147	80.745318	10.023193	44.773214	0.44470588	-0.0014335858*	
414	yes	316.54289	81.061291	9.9517822	44.962693	0.44676311	0.002593186	
415	no	317.01992	81.018776	9.9524841	44.771115	0.44658132	-0.0014783927*	
416	yes	316.84676	81.143696	9.949646	44.84066	0.44739394	3.6255985e-06	
417	yes	316.84872	81.334224	9.9476318	44.839873	0.44868889	-1.3126515e-05	
418	no	317.19179	80.997781	9.9664917	44.702094	0.44647703	-0.0029537365*	
419	no	317.18917	81.100656	9.9592896	44.703144	0.44717857	-0.002931264*	
420	no	317.1846	80.603603	9.9725342	44.704981	0.44376847	-0.0028919398*	
421	no	317.12905	81.092258	9.9467163	44.727288	0.44710763	-0.0024146859*	
422	no	316.95392	81.257068	9.9452515	44.797621	0.44818927	-0.00091301111*	
423	no	316.94085	81.16889	9.9634399	44.80287	0.44758684	-0.00080113286*	
424	no	317.06825	83.555482	10.08252	44.751708	0.46339352	-0.0018927762*	
425	yes	316.56446	81.195133	9.9525757	44.954033	0.44767996	0.0024098693	
426	yes	316.63435	83.442109	10.062744	44.925965	0.46256857	0.0018152727	
427	yes	316.75266	81.118502	9.9358521	44.878451	0.44720093	0.0008070432	
428	yes	316.73959	81.030323	9.9540405	44.8837	0.44659639	0.00091852312	
429	no	317.00228	81.080186	9.9430542	44.778201	0.44699646	-0.0013271862*	
430	no	317.00163	80.731671	9.9789124	44.778463	0.44460902	-0.0013215869*	
431	no	316.99836	81.205631	9.9431763	44.779775	0.44784984	-0.0012935912*	
432	yes	316.73436	80.743219	9.9840698	44.885799	0.44462742	0.00096310786	
433	yes	316.83238	81.149469	9.9570007	44.846434	0.44742999	0.00012645665	
434	no	317.00489	81.143958	9.9503174	44.777151	0.44743167	-0.0013495842*	
435	yes	316.68862	81.143433	9.9489746	44.90417	0.44735624	0.0013530485	
436	no	316.86113	81.137922	9.9422913	44.834887	0.44735789	-0.00011923675*	
437	no	316.96569	80.646642	9.9851685	44.792897	0.44401523	-0.0010137237*	
438	no	316.93481	80.719074	9.9836044	44.805297	0.44450708	-0.00074939794*	
439	no	316.93481	80.714613	9.983284	44.805297	0.44447638	-0.00074939794*	
440	no	316.92582	81.111941	9.9533234	44.808906	0.44719557	-0.00067250493*	
441	yes	316.83009	81.174926	9.9502869	44.847353	0.44760276	0.00014599507	
442	no	316.86048	81.150388	9.9460144	44.835149	0.44744263	-0.00011365142*	
443	no	316.92452	81.149207	9.9504242	44.809431	0.44744914	-0.00066132152*	
444	no	316.9139	80.699129	9.9821472	44.813695	0.44436501	-0.00057046586*	
445	yes	316.78615	80.690731	9.9870911	44.865001	0.44427799	0.00052125812	
446	yes	316.76899	81.138185	9.9488678	44.87189	0.44733874	0.00066765702	
447	yes	316.83303	81.137004	9.9532776	44.846172	0.44734524	0.0001208741	
448	no	316.86342	81.112466	9.9490051	44.833968	0.44718496	-0.00013878592*	
449	no	316.88662	81.138709	9.9489384	44.824652	0.44736904	-0.00033711514*	
450	no	316.88621	81.130886	9.9494591	44.824816	0.44731565	-0.00033362272*	
451	yes	316.83585	81.157408	9.9487762	44.84504	0.44748483	9.6798607e-05	
452	no	316.86538	81.152356	9.950983	44.833181	0.44745715	-0.00015554298*	
453	no	316.87534	80.706625	9.9838696	44.829179	0.44440781	-0.00024073371*	
454	yes	316.81261	81.14404	9.9506531	44.854373	0.44738853	0.00029529826	
455	no	316.8809	81.143351	9.9486389	44.826948	0.44739935	-0.0002882236*	
456	yes	316.8247	80.683235	9.9853687	44.849518	0.44423517	0.00019204678	
457	yes	316.82813	81.135035	9.9483089	44.84814	0.44733072	0.00016274165	
458	yes	316.85766	81.129983	9.9505157	44.836281	0.44730302	-8.9565417e-05	
459	no	316.86861	81.150552	9.949614	44.831885	0.44744559	-0.00018312358*	
460	no	316.86763	81.137877	9.9502811	44.832279	0.44735905	-0.00017474449*	
461	yes	316.84265	80.702639	9.9844422	44.842309	0.4443729	3.8698451e-05	
462	yes	316.84414	81.146386	9.9505391	44.84171	0.44741167	2.5960844e-05	
463	yes	316.83336	81.149277	9.9493332	44.84604	0.4474289	0.0001180828	
464	no	316.86196	81.149076	9.9495239	44.834555	0.44743403	-0.00012630578*	
465	yes	316.83155	81.138316	9.9497681	44.846766	0.44735385	0.00013352197	
466	no	316.86015	81.138115	9.9499588	44.835281	0.44735898	-0.00011085878*	
467	yes	316.84937	81.141006	9.9487529	44.839611	0.44737622	-1.8710682e-05	
468	yes	316.85739	80.687221	9.984796	44.836388	0.4442701	-8.7296508e-05	
469	yes	316.85721	81.132936	9.9460735	44.836461	0.44732303	-8.5725731e-05	
470	no	316.86861	81.150552	9.9498324	44.831885	0.44744559	-0.00018312358*	
471	no	316.86861	81.13684	9.949111	44.831885	0.44735221	-0.00018312358*	
472	no	316.8686	81.14919	9.9489636	44.831889	0.44743632	-0.00018303629*	
473	yes	316.85674	81.133297	9.9489298	44.83665	0.44732538	-8.1711547e-05	
474	yes	316.842	81.148715	9.948576	44.842571	0.44742704	4.4281953e-05	
475	no	316.85979	81.137292	9.9493785	44.835424	0.44735329	-0.00010780434*	
476	yes	316.85861	81.140727	9.949512	44.835901	0.44737642	-9.7659401e-05	
477	yes	316.85636	81.137387	9.9489532	44.836804	0.44735316	-7.8439139e-05	
478	yes	316.85844	81.140727	9.9493874	44.835967	0.44737638	-9.6241308e-05	
479	yes	316.84683	81.147748	9.9495709	44.84063	0.44742155	2.97123e-06	
480	yes	316.84706	81.159905	9.9493456	44.840537	0.44750438	1.0081192e-06	
481	yes	316.84798	81.208534	9.9484444	44.840168	0.44783543	-6.8444041e-06	
482	no	316.88562	81.141223	9.9497404	44.825054	0.44738593	-0.00032855876*	
483	no	316.88366	81.148522	9.9497404	44.825841	0.44743519	-0.00031179569*	
484	yes	316.8264	81.174241	9.9494352	44.848837	0.44759726	0.00017756887	
485	yes	316.84663	81.12813	9.9500003	44.84071	0.44728789	4.6725863e-06	
486	no	316.86413	81.164645	9.9476786	44.833681	0.44754052	-0.0001448952*	
487	no	316.87847	81.166761	9.9503107	44.827924	0.44755818	-0.0002674462*	
488	yes	316.81565	81.153049	9.9483805	44.853151	0.44745057	0.00026931306	
489	yes	316.82999	81.155165	9.9510126	44.847394	0.44746823	0.0001468673	
490	no	316.86773	81.14557	9.9492559	44.832238	0.44741147	-0.00017561731*	
491	yes	316.85211	81.153882	9.9475055	44.838512	0.44746452	-4.2095084e-05	
492	no	316.86589	81.151245	9.9483824	44.832976	0.44744969	-0.00015990689*	
493	yes	316.85588	81.153767	9.9488573	44.836995	0.44746459	-7.4381383e-05	
494	yes	316.85269	81.156362	9.9501696	44.838278	0.44748154	-4.7068778e-05	
495	yes	316.84144	81.163448	9.9485216	44.842797	0.44752722	4.9080224e-05	
496	yes	316.83824	81.166044	9.9498339	44.84408	0.44754416	7.6385836e-05	
497	no	316.86125	81.329152	9.9481444	44.834838	0.44865734	-0.00012028401*	
498	no	316.86471	81.164104	9.949327	44.833452	0.44753697	-0.00014978267*	
499	yes	316.82942	81.155706	9.9493642	44.847623	0.44747179	0.00015175177	
500	yes	316.83618	81.339297	9.9471192	44.844909	0.44872042	9.4007168e-05	
501	yes	316.85588	81.156836	9.9497576	44.836995	0.44748549	-7.4381383e-05	
502	yes	316.84714	81.163958	9.9492705	44.840507	0.44753198	3.5374713e-07	
503	yes	316.84737	81.176115	9.9490452	44.840414	0.44761477	-1.6093744e-06	
504	no	316.86665	81.161932	9.949259	44.832671	0.44752263	-0.0001664092*	
505	yes	316.84907	81.172077	9.9492705	44.839732	0.44758768	-1.6136722e-05	
506	yes	316.8392	81.332486	9.9467864	44.843695	0.44867494	6.8185591e-05	
507	yes	316.82692	81.164733	9.9492705	44.848626	0.44753267	0.00017307715	
508	yes	316.84714	81.163958	9.9502189	44.840507	0.44753198	3.5374713e-07	
509	yes	316.84714	81.163958	9.9483221	44.840507	0.44753198	3.5374713e-07	
510	yes	316.84521	81.155838	9.9492705	44.841282	0.44747627	1.6843652e-05	
511	no	316.86735	81.163183	9.9492705	44.832388	0.4475313	-0.00017243154*	
512	yes	316.85823	81.335963	9.9484773	44.836051	0.44870283	-9.4452334e-05	
513	yes	316.85725	81.163073	9.9496973	44.836447	0.44752826	-8.603116e-05	
514	yes	316.84721	81.16801	9.9491954	44.840476	0.44755958	-3.0062581e-07	
515	yes	316.84917	83.302187	10.105227	44.839689	0.46171337	-1.7038655e-05	
516	yes	316.84617	81.164603	9.9497396	44.840894	0.44753616	8.5987701e-06	
517	yes	316.85731	81.163988	9.9493155	44.836421	0.4475345	-8.6576568e-05	
518	yes	316.83697	81.163927	9.9492254	44.844592	0.44752946	8.7268393e-05	
519	yes	316.8481	81.163312	9.9488014	44.840119	0.4475278	-7.8914168e-06	
520	yes	316.84819	83.3028	10.106199	44.840083	0.46171712	-8.6624581e-06	
521	yes	316.84672	83.30372	10.107658	44.840673	0.46172273	3.901565e-06	
522	yes	316.85725	81.163482	9.9492705	44.836447	0.44753104	-8.603116e-05	
523	yes	316.8477	83.303107	10.106686	44.84028	0.46171899	-4.474414e-06	
524	yes	316.851	81.161374	9.9473941	44.838957	0.44751527	-3.2627755e-05	
525	yes	316.85787	81.158782	9.9486809	44.836196	0.44749919	-9.1376189e-05	
526	yes	316.85787	81.164896	9.9491765	44.836197	0.4475408	-9.1354372e-05	
527	yes	316.85725	81.159799	9.9497447	44.836447	0.44750597	-8.603116e-05	
528	yes	316.85725	81.167154	9.9494646	44.836447	0.44755603	-8.603116e-05	
529	yes	316.84859	81.163005	9.948315	44.839922	0.44752583	-1.2079491e-05	
530	yes	316.84761	81.163618	9.9492878	44.840316	0.44752978	-3.7033794e-06	
531	yes	316.8559	82.032829	9.9402466	44.836986	0.45338555	-7.455591e-05	
532	yes	316.85725	81.16471	9.9488386	44.836447	0.4475394	-8.603116e-05	
533	yes	316.85725	81.164708	9.948791	44.836447	0.44753939	-8.603116e-05	
534	yes	316.84757	81.271021	9.9487896	44.840332	0.44825988	-3.3543779e-06	
535	yes	316.84855	81.270408	9.9478168	44.839939	0.44825594	-1.1730483e-05	
536	yes	316.85166	81.403048	9.9448395	44.838692	0.44915567	-3.8255776e-05	
537	yes	316.85725	81.159799	9.9497429	44.836447	0.44750597	-8.603116e-05	
538	yes	316.85284	81.167965	9.9490318	44.838217	0.44756055	-4.8377654e-05	
539	yes	316.84749	81.20884	9.9489307	44.840365	0.4478374	-2.6563758e-06	
540	yes	316.84847	81.208227	9.947958	44.839972	0.44783346	-1.1032469e-05	
541	yes	316.84623	83.304026	10.108145	44.84087	0.46172461	8.0895e-06	
542	yes	316.84721	83.303413	10.106199	44.840477	0.46172086	-2.8640632e-07	
543	yes	316.85725	81.163482	9.9492193	44.836447	0.44753104	-8.603116e-05	
544	yes	316.85562	81.16574	9.9488072	44.837099	0.44754604	-7.2156177e-05	
545	yes	316.84721	83.303413	10.107172	44.840477	0.46172086	-2.8640632e-07	
546	yes	316.8461	81.271941	9.9502487	44.840923	0.44826579	9.2095069e-06	
547	yes	316.85725	81.159799	9.9488862	44.836447	0.44750597	-8.603116e-05	
548	yes	316.84708	81.271328	9.949276	44.840529	0.44826185	8.3362005e-07	
549	yes	316.85222	81.163083	9.9492202	44.838464	0.44752718	-4.3109452e-05	
550	yes	316.84534	81.165343	9.9491095	44.841227	0.447541	1.5687632e-05	
551	yes	316.85068	81.165342	9.9493455	44.839085	0.44754221	-2.9901024e-05	
552	yes	316.84379	81.164678	9.9494358	44.841853	0.44753613	2.9003505e-05	
553	yes	316.84975	81.271893	9.9489869	44.839456	0.44826629	-2.2004498e-05	
554	yes	316.84539	81.27015	9.9485923	44.841209	0.44825347	1.5295021e-05	
555	yes	316.85049	81.163237	9.9491051	44.83916	0.44752784	-2.8297713e-05	
556	yes	316.8436	81.162573	9.9491955	44.841929	0.44752175	3.060662e-05	
557	yes	316.84893	81.162573	9.9494315	44.839786	0.44752296	-1.4980626e-05	
558	yes	316.85007	81.16465	9.9491878	44.83933	0.44753736	-2.4679377e-05	
559	yes	316.84628	81.16489	9.9492348	44.840852	0.44753814	7.6976592e-06	
560	yes	316.84544	81.271596	9.9487676	44.84119	0.4482633	1.4899683e-05	
561	yes	316.84638	81.164164	9.9493836	44.840813	0.44753321	6.8756156e-06	
562	yes	316.84946	81.164371	9.9492945	44.839574	0.44753532	-1.949596e-05	
563	yes	316.84482	81.163545	9.9492465	44.84144	0.44752864	2.0202638e-05	
564	yes	316.8479	81.163751	9.9491573	44.8402	0.44753075	-6.1682095e-06	
565	yes	316.84971	81.270447	9.9488116	44.839474	0.44825647	-2.160913e-05	
566	yes	316.848	81.163025	9.9493061	44.840162	0.44752583	-6.9902768e-06	
567	yes	316.8483	81.164424	9.9493044	44.84004	0.44753542	-9.5710045e-06	
568	yes	316.84815	81.164021	9.9492721	44.840098	0.44753264	-8.3314219e-06	
569	yes	316.8474	81.164378	9.9492365	44.8404	0.4475349	-1.9055474e-06	
570	yes	316.84641	81.164252	9.9493074	44.840799	0.44753382	6.5702458e-06	
571	yes	316.84675	81.271355	9.9487624	44.840663	0.44826196	3.6756986e-06	
572	yes	316.84818	81.164056	9.9493048	44.840087	0.44753289	-8.5826101e-06	
573	yes	316.84609	81.163859	9.9492362	44.840927	0.44753107	9.2899387e-06	
574	yes	316.8484	81.270687	9.9488168	44.840002	0.4482578	-1.0384557e-05	
575	yes	316.84787	81.163663	9.9492336	44.840215	0.44753014	-5.8628317e-06	
576	yes	316.84687	81.163538	9.9493045	44.840613	0.44752906	2.613031e-06	
577	yes	316.84602	81.20976	9.9503899	44.840956	0.44784332	9.9074909e-06	
578	yes	316.8483	81.163503	9.9493271	44.84004	0.44752915	-9.5710045e-06	
579	yes	316.8483	81.163571	9.9492552	44.84004	0.44752961	-9.5675963e-06	
580	yes	316.84667	81.209174	9.9489035	44.840696	0.44783949	4.3736906e-06	
581	yes	316.84831	81.208506	9.9489579	44.840035	0.44783532	-9.6865446e-06	
582	yes	316.84775	81.164194	9.9493037	44.840262	0.44753373	-4.8556996e-06	
583	yes	316.84694	81.164131	9.9492913	44.840587	0.44753312	2.0535789e-06	
584	yes	316.84754	81.164137	9.9492587	44.840345	0.44753329	-3.0945015e-06	
585	yes	316.84667	81.164037	9.9492516	44.840696	0.44753242	4.3897941e-06	
586	yes	316.84773	81.208949	9.9489053	44.840268	0.44783819	-4.7227787e-06	
587	yes	316.84725	81.208732	9.9489561	44.840462	0.44783661	-5.8998163e-07	
588	yes	316.84761	81.163878	9.9492893	44.840317	0.44753155	-3.6823337e-06	
589	yes	316.84673	81.163778	9.9492823	44.840669	0.44753067	3.8019711e-06	
590	yes	316.84734	81.163784	9.9492497	44.840427	0.44753084	-1.3460907e-06	
591	yes	316.84937	81.397734	9.9469604	44.839611	0.44911919	-1.8710682e-05	
592	yes	316.84775	81.164194	9.9492569	44.840262	0.44753373	-4.8556996e-06	
593	yes	316.84765	81.207314	9.9489492	44.840301	0.44782706	-4.0247746e-06	
594	yes	316.84717	81.207097	9.949	44.840495	0.44782547	1.0801656e-07	
595	yes	316.84644	81.206772	9.9490762	44.840786	0.4478231	6.3071368e-06	
596	yes	316.84674	81.206907	9.948981	44.840665	0.44782409	3.7240945e-06	
597	yes	316.84693	81.206989	9.9490252	44.840591	0.44782469	2.1556539e-06	
598	yes	316.84696	81.206599	9.9489837	44.840578	0.44782204	1.87482e-06	
599	yes	316.84669	81.207622	9.9489901	44.840688	0.44782894	4.2053274e-06	
600	yes	316.84589	81.207159	9.9490097	44.841009	0.44782561	1.1040009e-05	
601	yes	316.84732	81.206946	9.9490579	44.840433	0.44782448	-1.2170902e-06	
602	yes	316.84701	81.207247	9.9489421	44.840557	0.44782646	1.4331197e-06	
603	yes	316.84845	81.207035	9.9489903	44.839981	0.44782534	-1.0824223e-05	
604	yes	316.84813	81.206788	9.9489591	44.840108	0.44782359	-8.1221553e-06	
605	yes	316.84737	81.207595	9.9490163	44.840412	0.44782891	-1.6587933e-06	
606	yes	316.8482	81.165638	9.9491346	44.840082	0.44754366	-8.6834944e-06	
607	yes	316.8483	81.164405	9.9492846	44.84004	0.44753529	-9.5710045e-06	
608	yes	316.84781	81.207366	9.9489756	44.840238	0.44782745	-5.3580725e-06	
609	yes	316.84781	81.207365	9.9489958	44.840239	0.44782744	-5.3451212e-06	
610	yes	316.8483	81.164412	9.9492846	44.84004	0.44753534	-9.5710045e-06	
611	yes	316.84611	81.206803	9.9489892	44.840919	0.44782324	9.121918e-06	
612	yes	316.84817	81.164565	9.9491921	44.840094	0.44753635	-8.4343511e-06	
613	yes	316.84743	81.206808	9.9490493	44.840388	0.44782357	-2.1758182e-06	
614	yes	316.84789	81.206773	9.9489659	44.840207	0.44782343	-6.0308576e-06	
615	yes	316.84645	81.207421	9.9490341	44.840784	0.44782751	6.2468126e-06	
616	yes	316.8469	81.207385	9.9489507	44.840602	0.44782737	2.3918405e-06	
617	yes	316.84664	81.16419	9.949281	44.840707	0.44753345	4.6231679e-06	
618	yes	316.84822	81.20739	9.9490108	44.840071	0.44782771	-8.9060534e-06	
619	yes	316.84781	81.207122	9.9489884	44.840238	0.44782579	-5.3580725e-06	
620	yes	316.84781	81.207345	9.9489769	44.840238	0.4478273	-5.3579873e-06	
621	yes	316.84779	81.164131	9.9492169	44.840243	0.44753331	-5.2537806e-06	
622	yes	316.84779	81.164154	9.9492642	44.840243	0.44753346	-5.2511393e-06	
623	yes	316.84676	81.206918	9.9490118	44.840657	0.44782416	3.5562423e-06	
624	yes	316.84764	81.164486	9.9492111	44.840303	0.44753569	-3.9719471e-06	
625	yes	316.84737	81.206923	9.9489792	44.840415	0.44782434	-1.5918221e-06	
626	yes	316.84669	81.207177	9.9489812	44.840685	0.44782591	4.1440656e-06	
627	yes	316.84764	81.207017	9.9490188	44.840305	0.44782504	-3.9280663e-06	
628	yes	316.84697	81.20727	9.9490208	44.840575	0.44782661	1.8078492e-06	
629	yes	316.84716	81.164269	9.9492619	44.840498	0.44753411	1.6084353e-07	
630	yes	316.84757	81.207276	9.9489882	44.840333	0.44782678	-3.3402338e-06	
631	yes	316.84799	81.20909	9.9490652	44.840163	0.44783921	-6.9592618e-06	
632	yes	316.84781	81.207296	9.949029	44.840238	0.44782697	-5.3580725e-06	
633	yes	316.84781	81.207302	9.9489718	44.840238	0.44782702	-5.3577316e-06	
634	yes	316.84778	81.207333	9.9490044	44.84025	0.44782722	-5.1177923e-06	
635	yes	316.84778	81.207315	9.9489986	44.84025	0.44782709	-5.1177923e-06	
636	yes	316.84762	81.207703	9.9489909	44.840315	0.4478297	-3.725192e-06	
637	yes	316.84713	81.207487	9.9490417	44.840509	0.44782812	4.0759653e-07	
638	yes	316.84764	81.207426	9.949029	44.840306	0.44782782	-3.9069353e-06	
639	yes	316.84753	81.207235	9.9489861	44.84035	0.4478265	-2.9825204e-06	
640	yes	316.84755	81.207704	9.9490138	44.840342	0.44782969	-3.1434307e-06	
641	yes	316.84688	81.207046	9.9490041	44.840611	0.44782507	2.570088e-06	
642	yes	316.84711	81.207061	9.9489856	44.840518	0.44782522	5.9061628e-07	
643	yes	316.84731	81.206981	9.9490026	44.840438	0.44782472	-1.110797e-06	
644	yes	316.84746	81.207147	9.9489959	44.840379	0.44782588	-2.3540675e-06	
645	yes	316.84722	81.207132	9.9490144	44.840472	0.44782573	-3.7458365e-07	
646	yes	316.84702	81.207213	9.9489974	44.840552	0.44782623	1.326827e-06	
647	yes	316.8472	81.207486	9.9490188	44.840482	0.44782813	-1.7416051e-07	
648	yes	316.84829	81.224743	9.948144	44.840045	0.44794569	-9.4619402e-06	
649	yes	316.84753	81.207235	9.9490047	44.84035	0.4478265	-2.9825204e-06	
650	yes	316.84754	81.176224	9.9490427	44.840345	0.44761555	-3.0940116e-06	
651	yes	316.84719	81.176006	9.9490477	44.840484	0.44761399	-1.247417e-07	
652	yes	316.84796	81.206402	9.9489167	44.840176	0.44782093	-6.6913741e-06	
653	yes	316.8476	81.207035	9.9489946	44.840321	0.44782515	-3.5921011e-06	
654	yes	316.84753	81.207038	9.9489861	44.84035	0.44782516	-2.9825204e-06	
655	yes	316.8475	81.20702	9.9490119	44.840361	0.44782503	-2.7539997e-06	
656	yes	316.84719	81.206814	9.9489817	44.840485	0.44782356	-1.071895e-07	
657	yes	316.84754	81.207032	9.9489767	44.840345	0.44782512	-3.0764593e-06	
658	yes	316.84793	81.163263	9.9491872	44.840187	0.44752743	-6.44564e-06	
659	yes	316.84716	81.163675	9.9492522	44.840497	0.44753006	1.3854118e-07	
660	yes	316.84751	81.163893	9.9492472	44.840357	0.44753163	-2.8307271e-06	
661	yes	316.84731	81.207039	9.9489942	44.840437	0.44782511	-1.1230239e-06	
662	yes	316.84741	81.163739	9.9492452	44.840398	0.44753056	-1.9540398e-06	
663	yes	316.84707	81.207058	9.9489961	44.840536	0.44782519	9.7379769e-07	
664	yes	316.84707	81.207092	9.9490061	44.840534	0.44782542	9.3454497e-07	
665	yes	316.84725	81.207044	9.9490023	44.840461	0.44782513	-6.0925925e-07	
666	yes	316.84708	81.207149	9.9489977	44.840529	0.44782581	8.252913e-07	
667	yes	316.84726	81.207102	9.9489939	44.840456	0.44782553	-7.1851327e-07	
668	yes	316.84727	81.207136	9.9490039	44.840454	0.44782576	-7.5776612e-07	
669	yes	316.84727	81.163829	9.9492542	44.840455	0.44753113	-7.3814236e-07	
670	yes	316.84774	81.206865	9.9489769	44.840264	0.44782403	-4.8161641e-06	
671	yes	316.84747	81.207087	9.9489859	44.840375	0.44782548	-2.450621e-06	
672	yes	316.84747	81.207079	9.9489863	44.840375	0.44782542	-2.4505731e-06	
673	yes	316.84731	81.20707	9.9490035	44.840437	0.44782533	-1.1230239e-06	
674	yes	316.84731	81.207039	9.9489942	44.840437	0.44782511	-1.1230239e-06	
675	yes	316.84738	81.206994	9.9489897	44.840409	0.44782482	-1.7309727e-06	
676	yes	316.84724	81.207084	9.9489987	44.840466	0.4478254	-5.1507586e-07	
677	yes	316.84774	81.206634	9.9490106	44.840266	0.44782246	-4.7672561e-06	
678	yes	316.84747	81.207011	9.9489991	44.840375	0.44782496	-2.450621e-06	
679	yes	316.84733	81.207035	9.9490024	44.840429	0.44782509	-1.3060869e-06	
680	yes	316.84732	81.207062	9.9489957	44.840434	0.44782527	-1.1954375e-06	
681	yes	316.8473	81.207039	9.9490011	44.840442	0.44782511	-1.0218696e-06	
682	yes	316.84738	81.206936	9.9489981	44.840409	0.44782443	-1.7187458e-06	
683	yes	316.84724	81.207026	9.9490071	44.840466	0.44782501	-5.0284896e-07	
684	yes	316.84757	81.207252	9.9490157	44.840332	0.44782662	-3.3551235e-06	
685	yes	316.84744	81.207071	9.9489993	44.840387	0.44782536	-2.1846316e-06	
686	yes	316.84732	81.207077	9.9489986	44.840434	0.44782537	-1.1954375e-06	
687	yes	316.84743	81.207071	9.9490102	44.840391	0.44782536	-2.1133149e-06	
688	yes	316.8472	81.20718	9.9490084	44.840483	0.44782605	-1.4981855e-07	
689	yes	316.84734	81.207091	9.9489994	44.840426	0.44782547	-1.3657145e-06	
690	yes	316.84705	81.163963	9.9492676	44.840541	0.447532	1.085698e-06	
691	yes	316.84732	81.207039	9.9490069	44.840434	0.44782511	-1.1954375e-06	
692	yes	316.84726	81.207154	9.9490071	44.840458	0.44782588	-6.8144912e-07	
693	yes	316.84733	81.163778	9.9492519	44.840431	0.4475308	-1.261285e-06	
694	yes	316.8472	81.163873	9.9492587	44.840484	0.44753142	-1.3019481e-07	
695	yes	316.84754	81.207324	9.9490285	44.840347	0.4478271	-3.0498539e-06	
696	yes	316.84742	81.207087	9.9490089	44.840393	0.44782546	-2.0643751e-06	
697	yes	316.84742	81.207087	9.949009	44.840393	0.44782546	-2.0643751e-06	
698	yes	316.84732	81.207039	9.9490072	44.840434	0.44782511	-1.1954375e-06	
699	yes	316.84726	81.207154	9.9490072	44.840458	0.44782588	-6.7834447e-07	
700	yes	316.84719	81.207198	9.9490116	44.840487	0.44782617	-7.3501642e-08	
701	yes	316.84733	81.207109	9.9490026	44.840429	0.44782559	-1.2893974e-06	
702	yes	316.8475	81.206886	9.9490093	44.84036	0.44782412	-2.7610931e-06	
703	yes	316.84733	81.207037	9.9489981	44.840428	0.44782511	-1.3098146e-06	
704	yes	316.84732	81.207039	9.9489928	44.840434	0.44782511	-1.1954375e-06	
705	yes	316.84726	81.207154	9.9490072	44.840457	0.44782588	-7.1324654e-07	
706	yes	316.84732	81.207	9.9489978	44.840433	0.44782485	-1.2172074e-06	
707	yes	316.84718	81.207089	9.9490068	44.84049	0.44782542	-1.3118575e-09	
708	yes	316.84652	81.208407	9.9490323	44.840754	0.44783423	5.6091476e-06	
709	yes	316.84732	81.207051	9.9489928	44.840434	0.44782519	-1.1954375e-06	
710	yes	316.84732	81.207039	9.9490053	44.840434	0.44782511	-1.1919707e-06	
711	yes	316.84732	81.208687	9.9489516	44.840434	0.44783632	-1.1979298e-06	
712	yes	316.84718	81.208777	9.9489606	44.840491	0.4478369	1.7965732e-08	
713	yes	316.84696	81.20891	9.9489741	44.840577	0.44783776	1.8418032e-06	
714	yes	316.84736	81.208855	9.9489633	44.840418	0.44783747	-1.5318271e-06	
715	yes	316.84736	81.208855	9.9489633	44.840418	0.44783747	-1.5318377e-06	
716	yes	316.84736	81.208854	9.9489417	44.840418	0.44783747	-1.5318271e-06	
717	yes	316.84736	81.208854	9.9489417	44.840418	0.44783747	-1.5318164e-06	
718	yes	316.84707	81.208839	9.948973	44.840535	0.44783729	9.5928627e-07	
719	yes	316.84691	81.208814	9.9489529	44.840598	0.44783709	2.2878166e-06	
720	yes	316.84729	81.208618	9.9489488	44.840445	0.44783585	-9.5267781e-07	
721	yes	316.84733	81.208886	9.9489562	44.840429	0.44783767	-1.3061189e-06	
722	yes	316.84702	81.208667	9.948965	44.840553	0.44783612	1.3420467e-06	
723	yes	316.84721	81.208845	9.9489635	44.840479	0.44783737	-2.2728573e-07	
724	yes	316.84744	81.208739	9.9489683	44.840384	0.4478367	-2.2518958e-06	
725	yes	316.84729	81.208714	9.9489482	44.840447	0.4478365	-9.2335664e-07	
726	yes	316.84703	81.207218	9.9490122	44.840552	0.44782626	1.3087636e-06	
727	yes	316.84748	81.207225	9.9489963	44.840371	0.44782641	-2.5245312e-06	
728	yes	316.84735	81.208837	9.9489633	44.840423	0.44783735	-1.4203149e-06	
729	yes	316.84735	81.208777	9.9489517	44.840423	0.44783694	-1.4203149e-06	
730	yes	316.84698	81.208863	9.9489673	44.840571	0.44783744	1.7156686e-06	
731	yes	316.84692	81.207097	9.9489997	44.840596	0.44782541	2.2570365e-06	
732	yes	316.84732	81.208874	9.9489529	44.840433	0.44783759	-1.2089851e-06	
733	yes	316.84696	81.208762	9.9489493	44.840577	0.44783675	1.8583861e-06	
734	yes	316.84739	81.208791	9.9489719	44.840404	0.44783705	-1.8224617e-06	
735	yes	316.84703	81.208679	9.9489683	44.840549	0.4478362	1.2449135e-06	
736	yes	316.84756	81.207071	9.9489977	44.840336	0.44782538	-3.2872041e-06	
737	yes	316.84738	81.20869	9.9489539	44.840411	0.44783635	-1.6797431e-06	
738	yes	316.8474	81.207097	9.9489921	44.840401	0.44782553	-1.901138e-06	
739	yes	316.8474	81.207075	9.9489935	44.840401	0.44782538	-1.901138e-06	
740	yes	316.84731	81.208766	9.9489544	44.840438	0.44783685	-1.1169637e-06	
741	yes	316.84717	81.207128	9.9490032	44.840494	0.44782569	9.2871406e-08	
742	yes	316.84709	81.208829	9.9489583	44.840525	0.44783724	7.352406e-07	
743	yes	316.84708	81.208772	9.9489667	44.84053	0.44783684	8.444943e-07	
744	yes	316.84728	81.208815	9.9489646	44.84045	0.44783718	-8.4781711e-07	
745	yes	316.84708	81.208738	9.9489567	44.840532	0.44783661	8.8374702e-07	
746	yes	316.84727	81.208782	9.9489545	44.840452	0.44783695	-8.0856425e-07	
747	yes	316.84726	81.208724	9.9489629	44.840457	0.44783656	-6.9931021e-07	
748	yes	316.84734	81.207101	9.949002	44.840424	0.44782554	-1.3988486e-06	
749	yes	316.84725	81.2088	9.9489575	44.840461	0.44783707	-6.1678524e-07	
750	yes	316.84727	81.207072	9.949002	44.840453	0.44782533	-7.8818429e-07	
751	yes	316.84718	81.208806	9.9489623	44.840491	0.4478371	9.690214e-09	
752	yes	316.84718	81.208894	9.9489675	44.840489	0.44783769	-1.5136339e-08	
753	yes	316.8474	81.207017	9.9490048	44.840401	0.44782498	-1.901138e-06	
754	yes	316.84739	81.207017	9.9490049	44.840407	0.44782498	-1.7677547e-06	
755	yes	316.84731	81.208737	9.9489547	44.840438	0.44783666	-1.1169637e-06	
756	yes	316.84716	81.208837	9.9489558	44.8405	0.44783731	2.1171078e-07	
757	yes	316.84726	81.208858	9.9489651	44.840459	0.44783747	-6.6216085e-07	
758	yes	316.84704	81.20883	9.948965	44.840547	0.44783723	1.2132493e-06	
759	yes	316.84734	81.207127	9.9489955	44.840425	0.44782572	-1.3898435e-06	
760	yes	316.84714	81.207041	9.9490019	44.840507	0.44782508	3.5969016e-07	
761	yes	316.84732	81.208782	9.9489597	44.840434	0.44783697	-1.1938719e-06	
762	yes	316.8471	81.208754	9.9489596	44.840522	0.44783672	6.8154035e-07	
763	yes	316.8472	81.208774	9.9489689	44.840481	0.44783689	-1.9233044e-07	
764	yes	316.84739	81.207239	9.9490577	44.840404	0.44782649	-1.8223872e-06	
765	yes	316.84738	81.207181	9.9490031	44.840411	0.44782609	-1.6726232e-06	
766	yes	316.84731	81.208853	9.9489547	44.840438	0.44783744	-1.1169637e-06	
767	yes	316.84737	81.207117	9.9490033	44.840415	0.44782565	-1.5941013e-06	
768	yes	316.84715	81.208851	9.9489677	44.840502	0.4478374	2.5642199e-07	
769	yes	316.84711	81.208845	9.9489571	44.840517	0.44783735	5.791669e-07	
770	yes	316.84719	81.207154	9.9490214	44.840487	0.44782587	-6.2313183e-08	
771	yes	316.84732	81.208833	9.948961	44.840432	0.44783731	-1.2383702e-06	
772	yes	316.84703	81.208779	9.9489637	44.840549	0.44783688	1.2577474e-06	
773	yes	316.84726	81.207111	9.9490074	44.840458	0.44782559	-6.8685431e-07	
774	yes	316.84725	81.208767	9.9489676	44.840464	0.44783685	-5.5978714e-07	
775	yes	316.84721	81.208761	9.948957	44.840479	0.44783679	-2.3704169e-07	
776	yes	316.84744	81.180167	9.9489701	44.840384	0.44764236	-2.26375e-06	
777	yes	316.84731	81.208737	9.9489568	44.840438	0.44783666	-1.1169637e-06	
778	yes	316.84715	81.208869	9.9489606	44.8405	0.44783752	2.1619468e-07	
779	yes	316.84733	81.168054	9.9491937	44.84043	0.44755991	-1.2864951e-06	
780	yes	316.84711	81.208816	9.9489692	44.840517	0.44783715	5.6290345e-07	
781	yes	316.84733	81.20882	9.9489651	44.840431	0.44783723	-1.2532811e-06	
782	yes	316.84703	81.208791	9.9489596	44.84055	0.44783696	1.2726582e-06	
783	yes	316.84724	81.208796	9.9489554	44.840465	0.44783704	-5.4352365e-07	
784	yes	316.8471	81.167966	9.9491971	44.840522	0.44755926	6.8524143e-07	
785	yes	316.8472	81.208743	9.948964	44.840481	0.44783667	-1.9681434e-07	
786	yes	316.84574	83.304333	10.10474	44.841067	0.46172648	1.2277399e-05	
787	yes	316.84712	81.208845	9.9489677	44.840515	0.44783735	5.3156941e-07	
788	yes	316.84726	81.208856	9.9489595	44.840456	0.44783746	-7.1836949e-07	
789	yes	316.84723	83.303432	10.106192	44.840469	0.46172099	-4.4686308e-07	
790	yes	316.84705	81.208821	9.9489578	44.840541	0.44783717	1.0774118e-06	
791	yes	316.8473	81.208791	9.9489669	44.84044	0.44783702	-1.0580338e-06	
792	yes	316.84719	83.303394	10.106207	44.840484	0.46172074	-1.2594961e-07	
793	yes	316.84709	81.208756	9.9489652	44.840525	0.44783674	7.3774882e-07	
794	yes	316.84724	81.208767	9.948957	44.840466	0.44783684	-5.1218955e-07	
795	yes	316.84729	81.208625	9.948941	44.840444	0.44783589	-9.7723814e-07	
796	yes	316.84731	81.208737	9.9489676	44.840438	0.44783666	-1.1169637e-06	
797	yes	316.84731	81.208722	9.948966	44.840438	0.44783656	-1.1169637e-06	
798	yes	316.84731	81.208722	9.9489542	44.840438	0.44783656	-1.1092473e-06	
799	yes	316.84731	81.208853	9.9489673	44.840438	0.44783744	-1.1169637e-06	
800	yes	316.84719	81.20887	9.948964	44.840485	0.44783753	-1.0202928e-07	
801	yes	316.84731	81.208721	9.9489531	44.840439	0.44783655	-1.080251e-06	
802	yes	316.84721	81.208818	9.948955	44.840477	0.44783719	-2.8665222e-07	
803	yes	316.84702	81.208814	9.9489609	44.840554	0.44783711	1.3672566e-06	
804	yes	316.84734	81.208798	9.9489638	44.840427	0.44783708	-1.34788e-06	
805	yes	316.84714	81.208793	9.9489696	44.840504	0.447837	3.0603246e-07	
806	yes	316.84717	81.208742	9.9489607	44.840496	0.44783666	1.2140969e-07	
807	yes	316.84711	81.208801	9.9489609	44.840519	0.44783704	6.0616614e-07	
808	yes	316.84708	81.209186	9.9489856	44.840531	0.44783966	8.6080034e-07	
809	yes	316.84731	81.208863	9.9489635	44.840438	0.44783751	-1.1169637e-06	
810	yes	316.84731	81.208863	9.9489639	44.840438	0.44783751	-1.1169584e-06	
811	yes	316.84716	81.208853	9.9489676	44.840497	0.44783741	1.4533093e-07	
812	yes	316.84731	81.208893	9.9489654	44.840438	0.44783772	-1.1146898e-06	
813	yes	316.8473	81.20884	9.9489589	44.840443	0.44783736	-9.9541876e-07	
814	yes	316.84707	81.208835	9.948958	44.840535	0.44783727	9.6635825e-07	
815	yes	316.84729	81.208776	9.9489667	44.840446	0.44783692	-9.4697972e-07	
816	yes	316.84706	81.208771	9.9489658	44.840538	0.44783683	1.0147971e-06	
817	yes	316.8471	81.208798	9.9489616	44.840521	0.44783702	6.6011669e-07	
818	yes	316.84719	81.208759	9.9489571	44.840484	0.44783678	-1.2595054e-07	
819	yes	316.84728	81.208553	9.9489691	44.840452	0.4478354	-8.1632855e-07	
820	yes	316.84731	81.208737	9.9489572	44.840438	0.44783666	-1.1169637e-06	
821	yes	316.84731	81.208722	9.9489671	44.840438	0.44783656	-1.1169637e-06	
822	yes	316.84731	81.20872	9.9489552	44.840438	0.44783655	-1.1169637e-06	
823	yes	316.84718	81.208871	9.9489629	44.84049	0.44783754	8.678407e-09	
824	yes	316.84718	81.209067	9.9489646	44.84049	0.44783887	5.6429854e-09	
825	yes	316.84718	81.20985	9.9489714	44.84049	0.4478442	-6.4987007e-09	
826	yes	316.84753	81.208952	9.9489254	44.84035	0.44783817	-2.9701443e-06	
827	yes	316.8475	81.209016	9.9489445	44.840361	0.4478386	-2.7362983e-06	
828	yes	316.84753	81.208951	9.9489255	44.84035	0.44783816	-2.9698887e-06	
829	yes	316.84703	81.209315	9.9489708	44.840551	0.44784052	1.3021177e-06	
830	yes	316.84731	81.209133	9.9489359	44.840437	0.44783935	-1.1251966e-06	
831	yes	316.8478	81.209114	9.9489723	44.840242	0.44783933	-5.2716312e-06	
832	yes	316.84776	81.208748	9.9489803	44.840259	0.44783683	-4.9260475e-06	
833	yes	316.84665	81.208738	9.9489478	44.840703	0.44783651	4.5323724e-06	
834	yes	316.84656	81.20902	9.9489569	44.840738	0.44783841	5.2828594e-06	
835	yes	316.84705	81.209001	9.9489933	44.840543	0.44783839	1.1364799e-06	
836	yes	316.84733	81.208819	9.9489584	44.840429	0.44783722	-1.2908352e-06	
837	yes	316.84749	81.209105	9.948965	44.840366	0.4478392	-2.6329869e-06	
838	yes	316.84746	81.208903	9.9489802	44.840378	0.44783782	-2.3737925e-06	
839	yes	316.84746	81.208991	9.948963	44.840379	0.44783842	-2.3681477e-06	
840	yes	316.84745	81.208903	9.9489798	44.84038	0.44783782	-2.3359614e-06	
841	yes	316.84725	81.208644	9.9489686	44.840463	0.44783601	-5.7832986e-07	
842	yes	316.847	81.209175	9.9489662	44.840563	0.44783956	1.5527469e-06	
843	yes	316.84731	81.209118	9.9489521	44.840436	0.44783925	-1.1446234e-06	
844	yes	316.84741	81.209121	9.9489731	44.840396	0.44783929	-1.9995713e-06	
845	yes	316.84694	81.209013	9.9489561	44.840585	0.44783845	2.0108489e-06	
846	yes	316.84704	81.209016	9.9489771	44.840544	0.4478385	1.1559066e-06	
847	yes	316.84736	81.208959	9.948963	44.840418	0.44783818	-1.5414659e-06	
848	yes	316.84716	81.208904	9.9489693	44.840499	0.44783776	1.9366867e-07	
849	yes	316.84735	81.209013	9.9489583	44.840421	0.44783854	-1.4720238e-06	
850	yes	316.84734	81.208709	9.9489736	44.840427	0.44783648	-1.3514213e-06	
851	yes	316.84734	81.20871	9.9489731	44.840427	0.44783648	-1.3514107e-06	
852	yes	316.84726	81.20912	9.9489665	44.840456	0.44783925	-7.2341255e-07	
853	yes	316.84708	81.209104	9.9489606	44.840532	0.4478391	8.9322071e-07	
854	yes	316.84734	81.208757	9.9489722	44.840424	0.4478368	-1.399035e-06	
855	yes	316.84709	81.209075	9.9489708	44.840527	0.4478389	7.9506494e-07	
856	yes	316.84727	81.209059	9.9489584	44.840453	0.44783884	-7.8378026e-07	
857	yes	316.84706	81.208792	9.9489657	44.840538	0.44783697	1.0143711e-06	
858	yes	316.84728	81.20903	9.9489686	44.840449	0.44783864	-8.8193638e-07	
859	yes	316.84709	81.209014	9.9489627	44.840525	0.44783849	7.3469742e-07	
860	yes	316.84727	81.208774	9.9489646	44.840452	0.4478369	-8.1153577e-07	
861	yes	316.84723	81.20904	9.9489677	44.840469	0.4478387	-4.3814649e-07	
862	yes	316.84718	81.209096	9.9489663	44.84049	0.44783907	-2.6325322e-09	
863	yes	316.84722	81.20908	9.9489615	44.840476	0.44783897	-3.0700553e-07	
864	yes	316.84714	81.208754	9.9489677	44.840504	0.44783673	3.0420855e-07	
865	yes	316.84711	81.209074	9.9489631	44.84052	0.4478389	6.2956814e-07	
866	yes	316.84725	81.20906	9.9489661	44.840461	0.44783884	-6.1828298e-07	
867	yes	316.84726	81.208795	9.9489701	44.840458	0.44783704	-6.8886994e-07	
868	yes	316.84714	81.209054	9.9489677	44.840505	0.44783877	3.182913e-07	
869	yes	316.84718	81.209038	9.9489629	44.840491	0.44783867	1.3918503e-08	
870	yes	316.84668	81.207159	9.9490263	44.840691	0.44782578	4.2797105e-06	
871	yes	316.84723	81.209044	9.9489674	44.840469	0.44783873	-4.3814649e-07	
872	yes	316.84723	81.20904	9.9489677	44.840469	0.4478387	-4.3814516e-07	
873	yes	316.84714	81.207465	9.9490176	44.840505	0.44782797	3.2237846e-07	
874	yes	316.84726	81.207507	9.94902	44.840459	0.44782828	-6.7069999e-07	
875	yes	316.84714	81.209082	9.9489662	44.840505	0.44783896	3.1760567e-07	
876	yes	316.84717	81.209082	9.9489644	44.840496	0.44783897	1.2558872e-07	
877	yes	316.84716	81.207483	9.9490183	44.840497	0.4478281	1.5773389e-07	
878	yes	316.84721	81.209073	9.9489655	44.840477	0.44783892	-2.7690258e-07	
879	yes	316.8472	81.209068	9.9489629	44.840483	0.44783889	-1.6033602e-07	
880	yes	316.84716	81.209065	9.9489663	44.840498	0.44783886	1.7162193e-07	
881	yes	316.84715	81.209061	9.9489637	44.840504	0.44783883	2.8818839e-07	
882	yes	316.84724	81.207489	9.9490193	44.840466	0.44782816	-5.0605513e-07	
883	yes	316.84719	81.209052	9.9489648	44.840485	0.44783877	-1.1430277e-07	
884	yes	316.84726	81.209073	9.9489579	44.840459	0.44783893	-6.5827338e-07	
885	yes	316.84722	81.209053	9.9489651	44.840472	0.44783878	-3.8431065e-07	
886	yes	316.84722	81.209056	9.9489651	44.840472	0.44783881	-3.8431065e-07	
887	yes	316.84722	81.209052	9.9489631	44.840476	0.44783878	-3.063199e-07	
888	yes	316.84722	81.20908	9.9489647	44.840476	0.44783897	-3.0631956e-07	
889	yes	316.84724	81.209071	9.9489634	44.840467	0.44783891	-4.9223063e-07	
890	yes	316.84716	81.209065	9.9489625	44.840498	0.44783886	1.7155836e-07	
891	yes	316.84722	81.20906	9.9489639	44.840475	0.44783883	-3.262833e-07	
892	yes	316.8472	81.209068	9.9489629	44.840483	0.44783889	-1.6033594e-07	
893	yes	316.8472	81.209072	9.948965	44.840483	0.44783891	-1.5033843e-07	
894	yes	316.8472	81.209072	9.948965	44.840483	0.44783891	-1.5033843e-07	
895	yes	316.8472	81.209063	9.9489649	44.840483	0.44783885	-1.3988935e-07	
896	yes	316.84719	81.209069	9.9489638	44.840486	0.44783889	-7.6806741e-08	
897	yes	316.84718	81.209074	9.948965	44.840488	0.44783892	-4.3444808e-08	
898	yes	316.84721	81.209066	9.9489637	44.840478	0.44783887	-2.4985104e-07	
899	yes	316.84716	81.209071	9.9489643	44.840497	0.44783889	1.5117528e-07	
900	yes	316.84717	81.209065	9.9489654	44.840494	0.44783885	8.8092698e-08	
901	yes	316.84719	81.209071	9.9489622	44.840487	0.4478389	-7.0821019e-08	
902	yes	316.84717	81.20906	9.9489642	44.840493	0.44783882	5.4730774e-08	
903	yes	316.84725	81.209085	9.9489661	44.840461	0.44783901	-6.1828298e-07	
904	yes	316.84721	81.209063	9.9489644	44.840477	0.44783885	-2.7776562e-07	
905	yes	316.8472	81.209059	9.9489638	44.840482	0.44783882	-1.6531093e-07	
906	yes	316.84719	81.209074	9.9489642	44.840487	0.44783892	-6.0823431e-08	
907	yes	316.84721	81.209069	9.9489657	44.840479	0.44783889	-2.3985345e-07	
908	yes	316.84698	81.207314	9.9490219	44.840569	0.44782691	1.6740196e-06	
909	yes	316.8472	81.209075	9.9489643	44.840482	0.44783893	-1.6531093e-07	
910	yes	316.84719	81.207183	9.9490076	44.840487	0.44782606	-6.0303548e-08	
911	yes	316.84721	81.207178	9.9490092	44.840479	0.44782603	-2.3933356e-07	
912	yes	316.84725	81.209052	9.9489658	44.840463	0.44783879	-5.7648664e-07	
913	yes	316.84721	81.209057	9.9489642	44.840479	0.44783881	-2.4532744e-07	
914	yes	316.8472	81.20907	9.9489646	44.840482	0.4478389	-1.6531093e-07	
915	yes	316.8472	81.209063	9.9489655	44.840483	0.44783885	-1.5629087e-07	
916	yes	316.84721	81.209061	9.9489657	44.840479	0.44783884	-2.2940437e-07	
917	yes	316.84719	81.209066	9.9489641	44.840488	0.44783886	-5.0374357e-08	
918	yes	316.84698	81.164007	9.9492721	44.84057	0.44753228	1.6936432e-06	
919	yes	316.8472	81.209073	9.9489654	44.840482	0.44783892	-1.6531093e-07	
920	yes	316.8472	81.209073	9.9489654	44.840482	0.44783892	-1.6531093e-07	
921	yes	316.84718	81.163875	9.9492579	44.840488	0.44753143	-4.0679812e-08	
922	yes	316.84721	81.163871	9.9492594	44.84048	0.44753141	-2.1970982e-07	
923	yes	316.84724	81.208617	9.9489414	44.840465	0.44783583	-5.3287304e-07	
924	yes	316.8472	81.209067	9.9489638	44.840482	0.44783888	-1.6531093e-07	
925	yes	316.8472	81.208756	9.9489579	44.84048	0.44783677	-2.1546555e-07	
926	yes	316.84718	81.208761	9.9489563	44.840488	0.44783679	-3.6435547e-08	
927	yes	316.84714	83.303338	10.106228	44.840507	0.46172036	3.5542021e-07	
928	yes	316.8472	81.209059	9.9489654	44.840482	0.44783882	-1.6531093e-07	
929	yes	316.8472	81.209073	9.9489654	44.840482	0.44783892	-1.6531093e-07	
930	yes	316.8472	83.303392	10.106207	44.84048	0.46172072	-2.1546462e-07	
931	yes	316.84718	83.303397	10.106206	44.840488	0.46172075	-3.6434611e-08	
932	yes	316.84667	81.175679	9.9490552	44.840694	0.44761165	4.3291289e-06	
933	yes	316.8472	81.209065	9.9489641	44.840482	0.44783887	-1.6531093e-07	
934	yes	316.84718	81.176008	9.9490469	44.840488	0.447614	-3.5226703e-08	
935	yes	316.8472	81.176003	9.9490485	44.84048	0.44761398	-2.1425671e-07	
936	yes	316.84724	81.209006	9.9489653	44.840468	0.44783847	-4.7414023e-07	
937	yes	316.84721	81.20906	9.9489645	44.840479	0.44783883	-2.4532744e-07	
938	yes	316.84721	81.209058	9.9489643	44.840479	0.44783882	-2.4527061e-07	
939	yes	316.8472	81.209075	9.9489638	44.840482	0.44783893	-1.6531093e-07	
940	yes	316.8472	81.209049	9.9489655	44.84048	0.44783876	-2.0381778e-07	
941	yes	316.84718	81.209054	9.948964	44.840489	0.44783878	-2.4787782e-08	
942	yes	316.84667	81.206487	9.9489892	44.840694	0.44782121	4.3466809e-06	
943	yes	316.8472	81.209075	9.9489653	44.840483	0.44783893	-1.4411124e-07	
944	yes	316.84718	81.206816	9.9489809	44.840489	0.44782357	-1.767451e-08	
945	yes	316.8472	81.206812	9.9489825	44.840481	0.44782354	-1.9670451e-07	
946	yes	316.84723	81.209061	9.9489688	44.84047	0.44783884	-4.3718794e-07	
947	yes	316.8472	81.209067	9.9489646	44.840482	0.44783888	-1.6531093e-07	
948	yes	316.84718	81.208872	9.9489632	44.840489	0.44783755	-1.2514294e-08	
949	yes	316.8472	81.208867	9.9489647	44.840481	0.44783752	-1.9154429e-07	
950	yes	316.84722	81.209076	9.9489614	44.840475	0.44783894	-3.24156e-07	
951	yes	316.84721	81.209068	9.9489641	44.840479	0.44783888	-2.4534334e-07	
952	yes	316.8472	81.209064	9.9489644	44.840482	0.44783886	-1.6531093e-07	
953	yes	316.84721	81.209067	9.9489641	44.840479	0.44783888	-2.4534334e-07	
954	yes	316.8472	81.209067	9.9489646	44.840482	0.44783888	-1.6632174e-07	
955	yes	316.84718	81.209072	9.948963	44.840491	0.4478389	1.2708245e-08	
956	yes	316.8472	81.209072	9.9489635	44.840481	0.44783891	-1.842112e-07	
957	yes	316.84719	81.209068	9.9489642	44.840486	0.44783888	-9.1611663e-08	
958	yes	316.84719	81.209067	9.9489646	44.840486	0.44783887	-8.6947468e-08	
959	yes	316.84718	81.209071	9.9489645	44.840489	0.4478389	-1.5826631e-08	
960	yes	316.84718	81.209068	9.948965	44.840491	0.44783888	2.0778156e-08	
961	yes	316.84719	81.209072	9.9489634	44.840486	0.44783891	-9.0103396e-08	
962	yes	316.84717	81.209068	9.9489645	44.840494	0.44783887	8.8807702e-08	
963	yes	316.84719	81.209066	9.9489647	44.840486	0.44783887	-7.7521746e-08	
964	yes	316.84719	81.209067	9.9489642	44.840487	0.44783887	-6.3510087e-08	
965	yes	316.84718	81.209066	9.9489642	44.84049	0.44783886	-9.4921857e-09	
966	yes	316.84718	81.209063	9.9489647	44.840491	0.44783885	2.7112601e-08	
967	yes	316.84697	81.207332	9.9490251	44.840572	0.44782703	1.7503362e-06	
968	yes	316.84719	81.209066	9.9489646	44.840486	0.44783887	-8.6947468e-08	
969	yes	316.84719	81.207201	9.9490112	44.840486	0.44782618	-8.6798297e-08	
970	yes	316.84719	81.207196	9.949012	44.840487	0.44782615	-6.0204988e-08	
971	yes	316.84716	81.209077	9.9489598	44.840499	0.44783894	1.9772389e-07	
972	yes	316.84719	81.209071	9.9489628	44.840485	0.4478389	-1.1707495e-07	
973	yes	316.84719	81.20907	9.9489625	44.840485	0.4478389	-1.1706155e-07	
974	yes	316.84719	81.209063	9.9489643	44.840486	0.44783885	-8.6947468e-08	
975	yes	316.84719	81.209073	9.9489618	44.840486	0.44783892	-8.4117673e-08	
976	yes	316.84719	81.209068	9.9489625	44.840487	0.44783888	-5.7524365e-08	
977	yes	316.84718	81.20906	9.9489653	44.840489	0.44783882	-2.3620126e-08	
978	yes	316.84719	81.209063	9.9489647	44.840486	0.44783885	-8.6947468e-08	
979	yes	316.84719	81.209071	9.9489643	44.840486	0.4478389	-7.8476826e-08	
980	yes	316.84719	81.209065	9.9489646	44.840488	0.44783886	-5.0213433e-08	
981	yes	316.84716	81.209081	9.9489619	44.8405	0.44783896	2.0772147e-07	
982	yes	316.84719	81.209069	9.9489646	44.840485	0.44783889	-1.1595647e-07	
983	yes	316.84719	81.209063	9.9489644	44.840486	0.44783885	-8.6947468e-08	
984	yes	316.84719	81.20907	9.9489642	44.840487	0.4478389	-7.0741618e-08	
985	yes	316.84719	81.209076	9.9489638	44.840487	0.44783894	-7.4120085e-08	
986	yes	316.84719	81.209071	9.9489646	44.840488	0.4478389	-4.7526777e-08	
987	yes	316.84716	81.207189	9.9490053	44.8405	0.4478261	2.0824135e-07	
988	yes	316.84719	81.209067	9.9489648	44.840486	0.44783887	-8.6947468e-08	
989	yes	316.84719	81.207185	9.9490073	44.840487	0.44782608	-7.3600202e-08	
990	yes	316.84719	81.20718	9.949008	44.840488	0.44782604	-4.7006894e-08	
991	yes	316.84718	81.207189	9.9490132	44.840489	0.4478261	-2.0315028e-08	
992	yes	316.84719	81.20907	9.948963	44.840485	0.44783889	-1.1707495e-07	
993	yes	316.84719	81.209065	9.9489647	44.840486	0.44783886	-8.6947468e-08	
994	yes	316.84719	81.20907	9.948963	44.840485	0.44783889	-1.1707495e-07	
995	yes	316.84719	81.209071	9.9489644	44.840486	0.4478389	-7.7871947e-08	
996	yes	316.84719	81.207194	9.9490124	44.840488	0.44782613	-4.6908334e-08	
997	yes	316.84715	81.209072	9.9489618	44.8405	0.4478389	2.1817054e-07	
998	yes	316.84719	81.209063	9.9489646	44.840485	0.44783885	-1.0552187e-07	
999	yes	316.84719	81.209063	9.9489642	44.840486	0.44783885	-8.6947468e-08	
1000	yes	316.84719	81.20907	9.9489644	44.840486	0.44783889	-8.6572346e-08	

BEST CASE:
#		OBJ	VAR_C1	VAR_C2	VAR_C3	
xx		316.847	81.2091	9.94896	44.8405	

Total execution time: 12 seconds
Total number of model evaluations: 1000
Number of reservoir simulator launches: 1000
